2024-07-03 16:38:24,483 [INFO] Activator:176 - 


2024-07-03 16:38:24,484 [INFO] Activator:177 - !SESSION log4j initialized
2024-07-03 16:38:26,544 [INFO] LogOutputStream:77 - [STDOUT_REDIRECT] 
2024-07-03 16:38:31,042 [INFO] ApplicationProperties:184 - Using Application install path: C:\ST\STM32CubeIDE_1.15.1\STM32CubeIDE\plugins\com.st.stm32cube.common.mx_6.11.1.202404110753
2024-07-03 16:38:31,100 [INFO] DbMcusXml:78 - Set database path to: C:\ST\STM32CubeIDE_1.15.1\STM32CubeIDE\plugins\com.st.stm32cube.common.mx_6.11.1.202404110753\\db\/mcu/
2024-07-03 16:38:31,101 [INFO] ApiDb:274 - Set plugin database path to: C:\ST\STM32CubeIDE_1.15.1\STM32CubeIDE\plugins\com.st.stm32cube.common.mx_6.11.1.202404110753\\db\/plugins/boardmanager/
2024-07-03 16:38:31,102 [WARN] ApiDb:259 - Overriding images path with different value:  => C:\ST\STM32CubeIDE_1.15.1\STM32CubeIDE\plugins\com.st.stm32cube.common.mx_6.11.1.202404110753\\db\/plugins/mcufinder/images/
2024-07-03 16:38:31,114 [INFO] ApiDb:250 - Set database path to: C:\Users\1miln\.stmcufinder\plugins\mcufinder//mcu/
2024-07-03 16:38:31,117 [INFO] DbMcusAds:125 - Set database path to: C:\Users\1miln\.stmcufinder\plugins\mcufinder//mcu/
2024-07-03 16:38:31,122 [INFO] CrossReferenceDbSqlite:203 - Set database path to: C:\Users\1miln\.stmcufinder\plugins\mcufinder//mcu/cs/
2024-07-03 16:38:31,445 [INFO] RulesReader:64 - Compatibility file has been processed (297 Rules)
2024-07-03 16:38:31,656 [INFO] DbMcusXml:78 - Set database path to: C:\ST\STM32CubeIDE_1.15.1\STM32CubeIDE\plugins\com.st.stm32cube.common.mx_6.11.1.202404110753\\db\/mcu/
2024-07-03 16:38:31,656 [INFO] ApiDb:274 - Set plugin database path to: C:\ST\STM32CubeIDE_1.15.1\STM32CubeIDE\plugins\com.st.stm32cube.common.mx_6.11.1.202404110753\\db\/plugins/boardmanager/
2024-07-03 16:38:31,656 [INFO] ApiDb:261 - Set plugin images path to: C:\ST\STM32CubeIDE_1.15.1\STM32CubeIDE\plugins\com.st.stm32cube.common.mx_6.11.1.202404110753\\db\/plugins/mcufinder/images/
2024-07-03 16:38:31,657 [WARN] DbFile:41 - Overriding database path with different value: C:\Users\1miln\.stmcufinder\plugins\mcufinder/ => C:\Users\1miln\.stmcufinder\plugins\mcufinder
2024-07-03 16:38:31,657 [INFO] ApiDb:250 - Set database path to: C:\Users\1miln\.stmcufinder\plugins\mcufinder//mcu/
2024-07-03 16:38:31,657 [WARN] DbFile:41 - Overriding database path with different value: C:\Users\1miln\.stmcufinder\plugins\mcufinder/ => C:\Users\1miln\.stmcufinder\plugins\mcufinder
2024-07-03 16:38:31,657 [INFO] DbMcusAds:125 - Set database path to: C:\Users\1miln\.stmcufinder\plugins\mcufinder//mcu/
2024-07-03 16:38:31,657 [WARN] DbFile:41 - Overriding database path with different value: C:\Users\1miln\.stmcufinder\plugins\mcufinder/ => C:\Users\1miln\.stmcufinder\plugins\mcufinder
2024-07-03 16:38:31,657 [WARN] DbFile:41 - Overriding database path with different value: C:\Users\1miln\.stmcufinder\plugins\mcufinder/ => C:\Users\1miln\.stmcufinder\plugins\mcufinder
2024-07-03 16:38:31,657 [INFO] CrossReferenceDbSqlite:203 - Set database path to: C:\Users\1miln\.stmcufinder\plugins\mcufinder//mcu/cs/
2024-07-03 16:38:31,814 [INFO] MainPanel:264 - HeapMemory: 268435456
2024-07-03 16:38:32,012 [INFO] DbMcusXml:78 - Set database path to: C:\ST\STM32CubeIDE_1.15.1\STM32CubeIDE\plugins\com.st.stm32cube.common.mx_6.11.1.202404110753\\db\/mcu/
2024-07-03 16:38:32,013 [INFO] ApiDb:274 - Set plugin database path to: C:\ST\STM32CubeIDE_1.15.1\STM32CubeIDE\plugins\com.st.stm32cube.common.mx_6.11.1.202404110753\\db\/plugins/boardmanager/
2024-07-03 16:38:32,013 [INFO] ApiDb:261 - Set plugin images path to: C:\ST\STM32CubeIDE_1.15.1\STM32CubeIDE\plugins\com.st.stm32cube.common.mx_6.11.1.202404110753\\db\/plugins/mcufinder/images/
2024-07-03 16:38:32,014 [WARN] DbFile:41 - Overriding database path with different value: C:\Users\1miln\.stmcufinder\plugins\mcufinder/ => C:\Users\1miln\.stmcufinder\plugins\mcufinder
2024-07-03 16:38:32,014 [INFO] ApiDb:250 - Set database path to: C:\Users\1miln\.stmcufinder\plugins\mcufinder//mcu/
2024-07-03 16:38:32,014 [WARN] DbFile:41 - Overriding database path with different value: C:\Users\1miln\.stmcufinder\plugins\mcufinder/ => C:\Users\1miln\.stmcufinder\plugins\mcufinder
2024-07-03 16:38:32,015 [INFO] DbMcusAds:125 - Set database path to: C:\Users\1miln\.stmcufinder\plugins\mcufinder//mcu/
2024-07-03 16:38:32,015 [WARN] DbFile:41 - Overriding database path with different value: C:\Users\1miln\.stmcufinder\plugins\mcufinder/ => C:\Users\1miln\.stmcufinder\plugins\mcufinder
2024-07-03 16:38:32,015 [WARN] DbFile:41 - Overriding database path with different value: C:\Users\1miln\.stmcufinder\plugins\mcufinder/ => C:\Users\1miln\.stmcufinder\plugins\mcufinder
2024-07-03 16:38:32,015 [INFO] CrossReferenceDbSqlite:203 - Set database path to: C:\Users\1miln\.stmcufinder\plugins\mcufinder//mcu/cs/
2024-07-03 16:38:32,046 [INFO] ApplicationProperties:184 - Using Application install path: C:\ST\STM32CubeIDE_1.15.1\STM32CubeIDE\plugins\com.st.stm32cube.common.mx_6.11.1.202404110753
2024-07-03 16:38:32,050 [INFO] PluginManage:196 - Search for loadable plugins [exclusion list=, ]
2024-07-03 16:38:32,053 [INFO] PluginManage:310 - Check plugin analytics
2024-07-03 16:38:32,628 [INFO] AnalyticsPlugin:253 - Accepted Software Licenses: STM32CubeMX.6.11.1
2024-07-03 16:38:32,628 [INFO] AnalyticsPlugin:255 - Accepted CMSIS Pack Licenses: 
2024-07-03 16:38:32,628 [INFO] AnalyticsPlugin:257 - Accepted Firmware Licenses: FW.F4.1.28.0
2024-07-03 16:38:32,634 [INFO] PluginManage:359 - Loaded plugin analytics (category:tool,tabindex:-1)
2024-07-03 16:38:32,634 [INFO] PluginManage:310 - Check plugin cadmodel
2024-07-03 16:38:32,643 [INFO] CADModel:105 - Init CAD model plugin
2024-07-03 16:38:32,643 [INFO] PluginManage:359 - Loaded plugin cadmodel (category:power,tabindex:5)
2024-07-03 16:38:32,643 [INFO] PluginManage:310 - Check plugin clock
2024-07-03 16:38:32,667 [INFO] PluginManage:359 - Loaded plugin clock (category:base,tabindex:2)
2024-07-03 16:38:32,668 [INFO] PluginManage:310 - Check plugin ddr
2024-07-03 16:38:32,673 [INFO] PluginManage:359 - Loaded plugin ddr (category:tool,tabindex:6)
2024-07-03 16:38:32,675 [INFO] PluginManage:310 - Check plugin filemanager
2024-07-03 16:38:33,196 [INFO] PluginManage:359 - Loaded plugin filemanager (category:base,tabindex:10)
2024-07-03 16:38:33,196 [INFO] PluginManage:310 - Check plugin ipmanager
2024-07-03 16:38:33,208 [INFO] PluginManage:359 - Loaded plugin ipmanager (category:base,tabindex:5)
2024-07-03 16:38:33,208 [INFO] PluginManage:310 - Check plugin lpbam
2024-07-03 16:38:33,222 [INFO] PluginManage:359 - Loaded plugin lpbam (category:base,tabindex:0)
2024-07-03 16:38:33,222 [INFO] PluginManage:310 - Check plugin memorymap
2024-07-03 16:38:33,273 [INFO] PluginManage:359 - Loaded plugin memorymap (category:base,tabindex:4)
2024-07-03 16:38:33,274 [INFO] PluginManage:310 - Check plugin pinoutandconfiguration
2024-07-03 16:38:33,298 [INFO] PluginManage:359 - Loaded plugin pinoutandconfiguration (category:base,tabindex:1)
2024-07-03 16:38:33,298 [INFO] PluginManage:310 - Check plugin pinoutconfig
2024-07-03 16:38:33,546 [WARN] SupportedApi:132 - Cannot load RTOS API schema: s4s-elt-must-match.1: The content of 'definitions' must match (annotation?, (simpleType | complexType)?, (unique | key | keyref)*)). A problem was found starting at: attribute.
2024-07-03 16:38:33,999 [INFO] PluginManage:359 - Loaded plugin pinoutconfig (category:base,tabindex:0)
2024-07-03 16:38:34,000 [INFO] PluginManage:310 - Check plugin power
2024-07-03 16:38:34,016 [INFO] PluginManage:359 - Loaded plugin power (category:power,tabindex:4)
2024-07-03 16:38:34,016 [INFO] PluginManage:310 - Check plugin projectmanager
2024-07-03 16:38:34,046 [INFO] PluginManage:359 - Loaded plugin projectmanager (category:projectmanager,tabindex:3)
2024-07-03 16:38:34,046 [INFO] PluginManage:310 - Check plugin thirdparty
2024-07-03 16:38:34,323 [WARN] IntegrityCheckThread:84 - waiting for thirdparty lock release [integrity check]
2024-07-03 16:38:34,323 [INFO] IntegrityCheckThread:86 - entering critical section [integrity check]
2024-07-03 16:38:34,324 [INFO] ThirdPartyUpdaterWithRetryManager:70 - Updater plugin not ready yet. [1/15]
2024-07-03 16:38:34,324 [INFO] PluginManage:359 - Loaded plugin thirdparty (category:base,tabindex:-1)
2024-07-03 16:38:34,324 [INFO] PluginManage:310 - Check plugin tools
2024-07-03 16:38:34,330 [INFO] PluginManage:359 - Loaded plugin tools (category:base,tabindex:7)
2024-07-03 16:38:34,330 [INFO] PluginManage:310 - Check plugin tutovideos
2024-07-03 16:38:34,584 [INFO] PluginManage:359 - Loaded plugin tutovideos (category:base,tabindex:-1)
2024-07-03 16:38:34,584 [INFO] PluginManage:310 - Check plugin updater
2024-07-03 16:38:34,591 [INFO] PluginManage:359 - Loaded plugin updater (category:base,tabindex:12)
2024-07-03 16:38:34,591 [INFO] PluginManage:310 - Check plugin userauth
2024-07-03 16:38:34,596 [INFO] UserAuth:114 - Init User Auth plugin
2024-07-03 16:38:34,596 [INFO] PluginManage:359 - Loaded plugin userauth (category:base,tabindex:14)
2024-07-03 16:38:34,596 [INFO] PluginManage:283 - PluginManage : Loaded plugins [17]
2024-07-03 16:38:34,747 [INFO] PinOutPanel:1561 - setPackage(No Configuration,No Configuration)
2024-07-03 16:38:34,800 [INFO] CADModel:165 - CPN selected for project level
2024-07-03 16:38:34,800 [INFO] CADModel:114 - Register for checkConnection events
2024-07-03 16:38:34,813 [INFO] IPUIPlugin:80 - create IPUIPlugin
2024-07-03 16:38:34,813 [INFO] PluginManager:220 - loadIPPluginJar : add adc
2024-07-03 16:38:34,816 [INFO] IPUIPlugin:80 - create IPUIPlugin
2024-07-03 16:38:34,816 [INFO] PluginManager:220 - loadIPPluginJar : add aes
2024-07-03 16:38:34,818 [INFO] IPUIPlugin:80 - create IPUIPlugin
2024-07-03 16:38:34,819 [INFO] PluginManager:220 - loadIPPluginJar : add can
2024-07-03 16:38:34,820 [INFO] IPUIPlugin:80 - create IPUIPlugin
2024-07-03 16:38:34,821 [INFO] PluginManager:220 - loadIPPluginJar : add comp
2024-07-03 16:38:34,823 [INFO] IPUIPlugin:80 - create IPUIPlugin
2024-07-03 16:38:34,823 [INFO] PluginManager:220 - loadIPPluginJar : add cryp
2024-07-03 16:38:34,825 [INFO] IPUIPlugin:80 - create IPUIPlugin
2024-07-03 16:38:34,825 [INFO] PluginManager:220 - loadIPPluginJar : add dfsdm
2024-07-03 16:38:34,829 [INFO] IPUIPlugin:80 - create IPUIPlugin
2024-07-03 16:38:34,829 [INFO] PluginManager:220 - loadIPPluginJar : add dma
2024-07-03 16:38:34,831 [INFO] IPUIPlugin:80 - create IPUIPlugin
2024-07-03 16:38:34,831 [INFO] PluginManager:220 - loadIPPluginJar : add dma3
2024-07-03 16:38:34,833 [INFO] IPUIPlugin:80 - create IPUIPlugin
2024-07-03 16:38:34,833 [INFO] PluginManager:220 - loadIPPluginJar : add extmemmanager
2024-07-03 16:38:34,834 [INFO] IPUIPlugin:80 - create IPUIPlugin
2024-07-03 16:38:34,834 [INFO] PluginManager:220 - loadIPPluginJar : add fatfs
2024-07-03 16:38:34,837 [INFO] IPUIPlugin:80 - create IPUIPlugin
2024-07-03 16:38:34,837 [INFO] PluginManager:220 - loadIPPluginJar : add fmc
2024-07-03 16:38:34,840 [INFO] IPUIPlugin:80 - create IPUIPlugin
2024-07-03 16:38:34,840 [INFO] PluginManager:220 - loadIPPluginJar : add freertos
2024-07-03 16:38:34,841 [INFO] IPUIPlugin:80 - create IPUIPlugin
2024-07-03 16:38:34,842 [INFO] PluginManager:220 - loadIPPluginJar : add genericplugin
2024-07-03 16:38:34,843 [INFO] IPUIPlugin:80 - create IPUIPlugin
2024-07-03 16:38:34,843 [INFO] PluginManager:220 - loadIPPluginJar : add gfxmmu
2024-07-03 16:38:34,846 [INFO] IPUIPlugin:80 - create IPUIPlugin
2024-07-03 16:38:34,846 [INFO] PluginManager:220 - loadIPPluginJar : add gic
2024-07-03 16:38:34,848 [INFO] IPUIPlugin:80 - create IPUIPlugin
2024-07-03 16:38:34,848 [INFO] PluginManager:220 - loadIPPluginJar : add gpio
2024-07-03 16:38:34,849 [INFO] IPUIPlugin:80 - create IPUIPlugin
2024-07-03 16:38:34,849 [INFO] PluginManager:220 - loadIPPluginJar : add gtzc
2024-07-03 16:38:34,851 [INFO] IPUIPlugin:80 - create IPUIPlugin
2024-07-03 16:38:34,851 [INFO] PluginManager:220 - loadIPPluginJar : add hash
2024-07-03 16:38:34,852 [INFO] IPUIPlugin:80 - create IPUIPlugin
2024-07-03 16:38:34,852 [INFO] PluginManager:220 - loadIPPluginJar : add i2c
2024-07-03 16:38:34,854 [INFO] IPUIPlugin:80 - create IPUIPlugin
2024-07-03 16:38:34,854 [INFO] PluginManager:220 - loadIPPluginJar : add i2s
2024-07-03 16:38:34,855 [INFO] IPUIPlugin:80 - create IPUIPlugin
2024-07-03 16:38:34,855 [INFO] PluginManager:220 - loadIPPluginJar : add i3c
2024-07-03 16:38:34,857 [INFO] IPUIPlugin:80 - create IPUIPlugin
2024-07-03 16:38:34,857 [INFO] PluginManager:220 - loadIPPluginJar : add ipddr
2024-07-03 16:38:34,861 [INFO] IPUIPlugin:80 - create IPUIPlugin
2024-07-03 16:38:34,861 [INFO] PluginManager:220 - loadIPPluginJar : add linkedlist
2024-07-03 16:38:34,863 [INFO] IPUIPlugin:80 - create IPUIPlugin
2024-07-03 16:38:34,863 [INFO] PluginManager:220 - loadIPPluginJar : add lorawan
2024-07-03 16:38:34,865 [INFO] IPUIPlugin:80 - create IPUIPlugin
2024-07-03 16:38:34,865 [INFO] PluginManager:220 - loadIPPluginJar : add ltdc
2024-07-03 16:38:34,869 [INFO] IPUIPlugin:80 - create IPUIPlugin
2024-07-03 16:38:34,870 [INFO] PluginManager:220 - loadIPPluginJar : add mdma
2024-07-03 16:38:34,871 [INFO] IPUIPlugin:80 - create IPUIPlugin
2024-07-03 16:38:34,871 [INFO] PluginManager:220 - loadIPPluginJar : add nvic
2024-07-03 16:38:34,874 [INFO] IPUIPlugin:80 - create IPUIPlugin
2024-07-03 16:38:34,874 [INFO] PluginManager:220 - loadIPPluginJar : add opamp
2024-07-03 16:38:34,877 [INFO] IPUIPlugin:80 - create IPUIPlugin
2024-07-03 16:38:34,877 [INFO] PluginManager:220 - loadIPPluginJar : add openamp
2024-07-03 16:38:34,879 [INFO] IPUIPlugin:80 - create IPUIPlugin
2024-07-03 16:38:34,879 [INFO] PluginManager:220 - loadIPPluginJar : add pdm2pcm
2024-07-03 16:38:34,883 [INFO] IPUIPlugin:80 - create IPUIPlugin
2024-07-03 16:38:34,885 [INFO] PluginManager:220 - loadIPPluginJar : add plateformsettings
2024-07-03 16:38:34,886 [INFO] IPUIPlugin:80 - create IPUIPlugin
2024-07-03 16:38:34,886 [INFO] PluginManager:220 - loadIPPluginJar : add quadspi
2024-07-03 16:38:34,888 [INFO] IPUIPlugin:80 - create IPUIPlugin
2024-07-03 16:38:34,888 [INFO] PluginManager:220 - loadIPPluginJar : add resmgrutility
2024-07-03 16:38:34,890 [INFO] IPUIPlugin:80 - create IPUIPlugin
2024-07-03 16:38:34,890 [INFO] PluginManager:220 - loadIPPluginJar : add sai
2024-07-03 16:38:34,892 [INFO] IPUIPlugin:80 - create IPUIPlugin
2024-07-03 16:38:34,892 [INFO] PluginManager:220 - loadIPPluginJar : add spi
2024-07-03 16:38:34,896 [INFO] IPUIPlugin:80 - create IPUIPlugin
2024-07-03 16:38:34,896 [INFO] PluginManager:220 - loadIPPluginJar : add stm32_wpan
2024-07-03 16:38:34,897 [INFO] IPUIPlugin:80 - create IPUIPlugin
2024-07-03 16:38:34,897 [INFO] PluginManager:220 - loadIPPluginJar : add tim
2024-07-03 16:38:34,900 [INFO] IPUIPlugin:80 - create IPUIPlugin
2024-07-03 16:38:34,900 [INFO] PluginManager:220 - loadIPPluginJar : add touchsensing
2024-07-03 16:38:34,901 [INFO] IPUIPlugin:80 - create IPUIPlugin
2024-07-03 16:38:34,901 [INFO] PluginManager:220 - loadIPPluginJar : add tracer_emb
2024-07-03 16:38:34,902 [INFO] IPUIPlugin:80 - create IPUIPlugin
2024-07-03 16:38:34,902 [INFO] PluginManager:220 - loadIPPluginJar : add ts
2024-07-03 16:38:34,904 [INFO] IPUIPlugin:80 - create IPUIPlugin
2024-07-03 16:38:34,904 [INFO] PluginManager:220 - loadIPPluginJar : add tsc
2024-07-03 16:38:34,905 [INFO] IPUIPlugin:80 - create IPUIPlugin
2024-07-03 16:38:34,905 [INFO] PluginManager:220 - loadIPPluginJar : add ucpd
2024-07-03 16:38:34,907 [INFO] IPUIPlugin:80 - create IPUIPlugin
2024-07-03 16:38:34,907 [INFO] PluginManager:220 - loadIPPluginJar : add usart
2024-07-03 16:38:34,909 [INFO] IPUIPlugin:80 - create IPUIPlugin
2024-07-03 16:38:34,909 [INFO] PluginManager:220 - loadIPPluginJar : add usbx
2024-07-03 16:38:35,036 [INFO] CADModel:165 - CPN selected for project level
2024-07-03 16:38:35,036 [INFO] CADModel:114 - Register for checkConnection events
2024-07-03 16:38:35,036 [FATAL] Updater:308 - Updater called before beeing initialized
2024-07-03 16:38:35,036 [ERROR] CADModel:125 - Updater not yet initialized, retry later 
2024-07-03 16:38:35,144 [INFO] CADModel:165 - CPN selected for project level
2024-07-03 16:38:35,144 [INFO] CADModel:114 - Register for checkConnection events
2024-07-03 16:38:35,144 [FATAL] Updater:308 - Updater called before beeing initialized
2024-07-03 16:38:35,144 [ERROR] CADModel:125 - Updater not yet initialized, retry later 
2024-07-03 16:38:35,147 [FATAL] Updater:308 - Updater called before beeing initialized
2024-07-03 16:38:35,230 [FATAL] Updater:308 - Updater called before beeing initialized
2024-07-03 16:38:35,232 [INFO] DbMcusAds:53 - JSON generation date=Thu May 16 05:22:00 EDT 2024 (1715851320852)
2024-07-03 16:38:35,232 [FATAL] Updater:308 - Updater called before beeing initialized
2024-07-03 16:38:35,252 [WARN] DetailPanel:346 - Failed to get advertising image, set to default
2024-07-03 16:38:35,322 [FATAL] Updater:308 - Updater called before beeing initialized
2024-07-03 16:38:35,324 [FATAL] Updater:308 - Updater called before beeing initialized
2024-07-03 16:38:35,324 [FATAL] Updater:308 - Updater called before beeing initialized
2024-07-03 16:38:35,344 [WARN] DetailPanel:346 - Failed to get advertising image, set to default
2024-07-03 16:38:35,345 [FATAL] Updater:308 - Updater called before beeing initialized
2024-07-03 16:38:35,388 [ERROR] Updater:1120 - MainUpdater not yet initialized. External WinMGr cannot be set.
2024-07-03 16:38:35,390 [INFO] Updater:1056 - Updater Version found : 6.11.1
2024-07-03 16:38:35,401 [INFO] ApplicationProperties:184 - Using Application install path: C:\ST\STM32CubeIDE_1.15.1\STM32CubeIDE\plugins\com.st.stm32cube.common.mx_6.11.1.202404110753
2024-07-03 16:38:36,971 [ERROR] LogOutputStream:75 - [STDERR_REDIRECT] Jul 03, 2024 4:38:36 PM java.util.prefs.WindowsPreferences <init>
2024-07-03 16:38:36,973 [ERROR] LogOutputStream:75 - [STDERR_REDIRECT] WARNING: Could not open/create prefs root node Software\JavaSoft\Prefs at root 0xffffffff80000002. Windows RegCreateKeyEx(...) returned error code 5.
2024-07-03 16:38:36,973 [ERROR] LogOutputStream:75 - [STDERR_REDIRECT] 
2024-07-03 16:38:37,221 [INFO] MainUpdater:2873 - connection check result : 10
2024-07-03 16:38:37,222 [INFO] MainUpdater:290 - Updater Check For Update Now.
2024-07-03 16:38:37,222 [INFO] MicroXplorer:498 - Change Database Version : DB.6.0.111
2024-07-03 16:38:37,225 [INFO] McuFinderGlobals:63 - Set McuFinder mode to 2 (CubeIDE integrated)
2024-07-03 16:38:37,225 [INFO] UserAuth:179 - activating auth plugin
2024-07-03 16:38:37,228 [INFO] UserAuth:415 - Internet connection configuration mode: 1
2024-07-03 16:38:37,263 [INFO] JxBrowserEngine:152 - Initiate JxBrowser Engine with user profile folder
2024-07-03 16:38:37,326 [WARN] MainUpdater:1194 - Updater busy. Cannot search thirdparties
2024-07-03 16:38:37,326 [INFO] ThirdPartyUpdaterWithRetryManager:96 - Updater plugin is busy. [1/15]
2024-07-03 16:38:37,422 [INFO] CheckServerUpdateThread:120 - End of CheckServer Thread
2024-07-03 16:38:37,736 [INFO] WebApp:161 - Instantiating new browser for Auth
2024-07-03 16:38:38,270 [INFO] WebApp:779 - Register for checkConnection events
2024-07-03 16:38:38,270 [INFO] WebApp:414 - Apply proxy settings
2024-07-03 16:38:38,270 [INFO] WebApp:499 - Chromium requires no authentication
2024-07-03 16:38:38,274 [INFO] WebApp:442 - Direct internet connection detected
2024-07-03 16:38:38,444 [INFO] WebApp:192 - Starting web application
2024-07-03 16:38:38,444 [INFO] WebApp:544 - Web application path used C:\ST\STM32CubeIDE_1.15.1\STM32CubeIDE\plugins\com.st.stm32cube.common.mx_6.11.1.202404110753\db\plugins\mcufinder\reactClient1\index.html
2024-07-03 16:38:40,442 [WARN] PackLoader:240 - Cannot read IP mode file for STMicroelectronics.FP-SNS-MOTENVWB1.1.4.0
2024-07-03 16:38:40,458 [WARN] PackLoader:240 - Cannot read IP mode file for STMicroelectronics.X-CUBE-SMBUS.2.1.0
2024-07-03 16:38:40,487 [WARN] PackLoader:240 - Cannot read IP mode file for STMicroelectronics.X-CUBE-AZRTOS-F7.1.1.0
2024-07-03 16:38:40,495 [WARN] PackLoader:240 - Cannot read IP mode file for STMicroelectronics.FP-SNS-FLIGHT1.5.0.2
2024-07-03 16:38:40,501 [WARN] PackLoader:240 - Cannot read IP mode file for STMicroelectronics.X-CUBE-DISPLAY.3.0.0
2024-07-03 16:38:40,514 [WARN] PackLoader:240 - Cannot read IP mode file for STMicroelectronics.X-CUBE-BLE1.7.0.0
2024-07-03 16:38:40,519 [WARN] PackLoader:240 - Cannot read IP mode file for emotas.I-CUBE-CANOPEN.1.3.0
2024-07-03 16:38:40,526 [WARN] PackLoader:240 - Cannot read IP mode file for STMicroelectronics.X-CUBE-BLEMGR.3.1.0
2024-07-03 16:38:40,533 [WARN] PackLoader:240 - Cannot read IP mode file for STMicroelectronics.FP-SNS-SMARTAG2.1.2.0
2024-07-03 16:38:40,544 [INFO] LogOutputStream:77 - [STDOUT_REDIRECT] 1 : Invalid condition id : UX_CORESTACK_Condition cause : null
2024-07-03 16:38:40,545 [INFO] LogOutputStream:77 - [STDOUT_REDIRECT] 1 : Invalid condition id : UX_CORESTACK_Condition cause : null
2024-07-03 16:38:40,546 [INFO] LogOutputStream:77 - [STDOUT_REDIRECT] 1 : Invalid condition id : UX_CORESTACK_Condition cause : null
2024-07-03 16:38:40,548 [INFO] LogOutputStream:77 - [STDOUT_REDIRECT] 1 : Invalid condition id : UX_CORESTACK_Condition cause : null
2024-07-03 16:38:40,549 [INFO] LogOutputStream:77 - [STDOUT_REDIRECT] 1 : Invalid condition id : UX_CORESTACK_Condition cause : null
2024-07-03 16:38:40,551 [WARN] PackLoader:240 - Cannot read IP mode file for STMicroelectronics.X-CUBE-AZRTOS-WL.2.0.0
2024-07-03 16:38:40,557 [WARN] PackLoader:240 - Cannot read IP mode file for STMicroelectronics.FP-SNS-MOTENV1.5.0.0
2024-07-03 16:38:40,566 [WARN] PackLoader:240 - Cannot read IP mode file for wolfSSL.I-CUBE-wolfMQTT.1.19.0
2024-07-03 16:38:40,577 [WARN] PackLoader:240 - Cannot read IP mode file for WES.I-CUBE-Cesium.1.3.0
2024-07-03 16:38:40,581 [WARN] PackLoader:240 - Cannot read IP mode file for STMicroelectronics.X-CUBE-BLE2.3.3.0
2024-07-03 16:38:40,586 [WARN] PackLoader:240 - Cannot read IP mode file for STMicroelectronics.X-CUBE-TCPP.4.1.0
2024-07-03 16:38:40,608 [WARN] PackLoader:240 - Cannot read IP mode file for STMicroelectronics.X-CUBE-AZRTOS-G0.1.1.0
2024-07-03 16:38:40,616 [WARN] PackLoader:240 - Cannot read IP mode file for STMicroelectronics.X-CUBE-SAFEA1.1.2.2
2024-07-03 16:38:40,620 [WARN] PackLoader:240 - Cannot read IP mode file for STMicroelectronics.X-CUBE-NFC4.3.0.0
2024-07-03 16:38:40,625 [WARN] PackLoader:240 - Cannot read IP mode file for wolfSSL.I-CUBE-wolfSSL.5.7.0
2024-07-03 16:38:40,628 [WARN] PackLoader:240 - Cannot read IP mode file for STMicroelectronics.FP-ATR-SIGFOX1.3.2.0
2024-07-03 16:38:40,632 [WARN] PackLoader:240 - Cannot read IP mode file for STMicroelectronics.X-CUBE-EEPRMA1.5.1.0
2024-07-03 16:38:40,637 [WARN] PackLoader:240 - Cannot read IP mode file for ITTIA_DB.I-CUBE-ITTIADB.8.9.0
2024-07-03 16:38:40,659 [WARN] PackLoader:240 - Cannot read IP mode file for SEGGER.I-CUBE-embOS.1.3.1
2024-07-03 16:38:40,685 [WARN] PackLoader:240 - Cannot read IP mode file for STMicroelectronics.X-CUBE-ALGOBUILD.1.4.0
2024-07-03 16:38:40,691 [WARN] PackLoader:240 - Cannot read IP mode file for STMicroelectronics.X-CUBE-GNSS1.6.0.0
2024-07-03 16:38:40,701 [WARN] PackLoader:240 - Cannot read IP mode file for STMicroelectronics.X-CUBE-AZRTOS-F4.1.1.0
2024-07-03 16:38:40,705 [WARN] PackLoader:240 - Cannot read IP mode file for STMicroelectronics.X-CUBE-FREERTOS.1.2.0
2024-07-03 16:38:40,714 [WARN] PackLoader:240 - Cannot read IP mode file for STMicroelectronics.X-CUBE-AZRTOS-L5.2.0.0
2024-07-03 16:38:40,720 [WARN] PackLoader:240 - Cannot read IP mode file for STMicroelectronics.X-CUBE-NFC6.3.1.0
2024-07-03 16:38:40,725 [WARN] PackLoader:240 - Cannot read IP mode file for STMicroelectronics.X-CUBE-AI.9.0.0
2024-07-03 16:38:40,729 [WARN] PackLoader:240 - Cannot read IP mode file for STMicroelectronics.X-CUBE-NFC7.1.0.1
2024-07-03 16:38:40,740 [WARN] ConditionMgr:438 - getConditionDescription Invalid condition id : LAN8742 Phy interface Condition cause : null
2024-07-03 16:38:40,740 [WARN] PackLoader:240 - Cannot read IP mode file for STMicroelectronics.X-CUBE-AZRTOS-L4.2.0.0
2024-07-03 16:38:40,742 [WARN] ConditionMgr:1039 - genDependencies : Invalid condition id : LAN8742 Phy interface Condition cause : null
2024-07-03 16:38:40,742 [WARN] ConditionMgr:1039 - genDependencies : Invalid condition id : LAN8742 Phy interface Condition cause : null
2024-07-03 16:38:40,742 [WARN] ConditionMgr:1039 - genDependencies : Invalid condition id : LAN8742 Phy interface Condition cause : null
2024-07-03 16:38:40,757 [WARN] PackLoader:240 - Cannot read IP mode file for STMicroelectronics.X-CUBE-SFXS2LP1.4.0.0
2024-07-03 16:38:40,766 [WARN] ConditionMgr:438 - getConditionDescription Invalid condition id : UX DEVICE CLASS RTOS Condition cause : null
2024-07-03 16:38:40,767 [WARN] ConditionMgr:438 - getConditionDescription Invalid condition id : UX DEVICE CLASS RTOS Condition cause : null
2024-07-03 16:38:40,768 [WARN] PackLoader:240 - Cannot read IP mode file for STMicroelectronics.X-CUBE-AZRTOS-WB.2.0.0
2024-07-03 16:38:40,768 [WARN] ConditionMgr:1039 - genDependencies : Invalid condition id : UX DEVICE CLASS RTOS Condition cause : null
2024-07-03 16:38:40,769 [WARN] ConditionMgr:1039 - genDependencies : Invalid condition id : UX DEVICE CLASS RTOS Condition cause : null
2024-07-03 16:38:40,769 [WARN] ConditionMgr:1039 - genDependencies : Invalid condition id : UX DEVICE CLASS RTOS Condition cause : null
2024-07-03 16:38:40,770 [WARN] ConditionMgr:1039 - genDependencies : Invalid condition id : UX DEVICE CLASS RTOS Condition cause : null
2024-07-03 16:38:40,770 [WARN] ConditionMgr:1039 - genDependencies : Invalid condition id : UX DEVICE CLASS RTOS Condition cause : null
2024-07-03 16:38:40,778 [WARN] PackLoader:240 - Cannot read IP mode file for STMicroelectronics.X-CUBE-SUBG2.5.0.0
2024-07-03 16:38:40,798 [WARN] PackLoader:240 - Cannot read IP mode file for Cesanta.I-CUBE-Mongoose.7.13.0
2024-07-03 16:38:40,810 [WARN] PackLoader:240 - Cannot read IP mode file for STMicroelectronics.X-CUBE-AZRTOS-G4.2.0.0
2024-07-03 16:38:40,815 [WARN] PackLoader:240 - Cannot read IP mode file for STMicroelectronics.X-CUBE-ISPU.2.0.0
2024-07-03 16:38:40,820 [WARN] PackLoader:240 - Cannot read IP mode file for STMicroelectronics.X-CUBE-ALS.1.0.2
2024-07-03 16:38:40,840 [WARN] PackLoader:240 - Cannot read IP mode file for STMicroelectronics.X-CUBE-MEMS1.10.0.0
2024-07-03 16:38:40,960 [WARN] PackLoader:240 - Cannot read IP mode file for STMicroelectronics.X-CUBE-TOUCHGFX.4.24.0
2024-07-03 16:38:40,964 [WARN] PackLoader:240 - Cannot read IP mode file for portGmbH.I-Cube-SoM-uGOAL.1.1.0
2024-07-03 16:38:40,972 [WARN] PackLoader:240 - Cannot read IP mode file for STMicroelectronics.X-CUBE-AZRTOS-H7RS.1.0.0
2024-07-03 16:38:40,975 [WARN] PackLoader:240 - Cannot read IP mode file for STMicroelectronics.FP-ATR-ASTRA1.2.0.0
2024-07-03 16:38:40,980 [WARN] PackLoader:240 - Cannot read IP mode file for STMicroelectronics.X-CUBE-TOF1.3.4.1
2024-07-03 16:38:40,996 [WARN] PackLoader:240 - Cannot read IP mode file for STMicroelectronics.X-CUBE-AZRTOS-H7.3.2.0
2024-07-03 16:38:41,005 [WARN] PackLoader:240 - Cannot read IP mode file for Infineon.AIROC-Wi-Fi-Bluetooth-STM32.1.6.0
2024-07-03 16:38:41,008 [INFO] ThirdParty:978 - Integrity check success = true
2024-07-03 16:38:41,008 [INFO] IntegrityCheckThread:100 - exiting critical section [integrity check]
2024-07-03 16:38:41,008 [INFO] IntegrityCheckThread:103 - End integrity checks thread
2024-07-03 16:38:49,006 [ERROR] LogOutputStream:75 - [STDERR_REDIRECT] 
2024-07-03 16:38:49,009 [ERROR] LogOutputStream:75 - [STDERR_REDIRECT] 
