2024-09-05 13:28:53,389 [ERROR] LogOutputStream:75 - [STDERR_REDIRECT] 
2024-09-05 18:21:48,063 [INFO] Activator:176 - 


2024-09-05 18:21:48,070 [INFO] Activator:177 - !SESSION log4j initialized
2024-09-05 18:21:54,796 [INFO] LogOutputStream:77 - [STDOUT_REDIRECT] 
2024-09-05 18:21:56,654 [INFO] ApplicationProperties:184 - Using Application install path: C:\ST\STM32CubeIDE_1.15.1\STM32CubeIDE\plugins\com.st.stm32cube.common.mx_6.11.1.202404110753
2024-09-05 18:21:56,669 [INFO] DbMcusXml:78 - Set database path to: C:\ST\STM32CubeIDE_1.15.1\STM32CubeIDE\plugins\com.st.stm32cube.common.mx_6.11.1.202404110753\\db\/mcu/
2024-09-05 18:21:56,670 [INFO] ApiDb:274 - Set plugin database path to: C:\ST\STM32CubeIDE_1.15.1\STM32CubeIDE\plugins\com.st.stm32cube.common.mx_6.11.1.202404110753\\db\/plugins/boardmanager/
2024-09-05 18:21:56,670 [WARN] ApiDb:259 - Overriding images path with different value:  => C:\ST\STM32CubeIDE_1.15.1\STM32CubeIDE\plugins\com.st.stm32cube.common.mx_6.11.1.202404110753\\db\/plugins/mcufinder/images/
2024-09-05 18:21:56,683 [INFO] ApiDb:250 - Set database path to: C:\Users\1miln\.stmcufinder\plugins\mcufinder//mcu/
2024-09-05 18:21:56,684 [INFO] DbMcusAds:125 - Set database path to: C:\Users\1miln\.stmcufinder\plugins\mcufinder//mcu/
2024-09-05 18:21:56,686 [INFO] CrossReferenceDbSqlite:203 - Set database path to: C:\Users\1miln\.stmcufinder\plugins\mcufinder//mcu/cs/
2024-09-05 18:21:56,778 [INFO] RulesReader:64 - Compatibility file has been processed (297 Rules)
2024-09-05 18:21:56,855 [INFO] DbMcusXml:78 - Set database path to: C:\ST\STM32CubeIDE_1.15.1\STM32CubeIDE\plugins\com.st.stm32cube.common.mx_6.11.1.202404110753\\db\/mcu/
2024-09-05 18:21:56,855 [INFO] ApiDb:274 - Set plugin database path to: C:\ST\STM32CubeIDE_1.15.1\STM32CubeIDE\plugins\com.st.stm32cube.common.mx_6.11.1.202404110753\\db\/plugins/boardmanager/
2024-09-05 18:21:56,855 [INFO] ApiDb:261 - Set plugin images path to: C:\ST\STM32CubeIDE_1.15.1\STM32CubeIDE\plugins\com.st.stm32cube.common.mx_6.11.1.202404110753\\db\/plugins/mcufinder/images/
2024-09-05 18:21:56,857 [WARN] DbFile:41 - Overriding database path with different value: C:\Users\1miln\.stmcufinder\plugins\mcufinder/ => C:\Users\1miln\.stmcufinder\plugins\mcufinder
2024-09-05 18:21:56,857 [INFO] ApiDb:250 - Set database path to: C:\Users\1miln\.stmcufinder\plugins\mcufinder//mcu/
2024-09-05 18:21:56,857 [WARN] DbFile:41 - Overriding database path with different value: C:\Users\1miln\.stmcufinder\plugins\mcufinder/ => C:\Users\1miln\.stmcufinder\plugins\mcufinder
2024-09-05 18:21:56,857 [INFO] DbMcusAds:125 - Set database path to: C:\Users\1miln\.stmcufinder\plugins\mcufinder//mcu/
2024-09-05 18:21:56,857 [WARN] DbFile:41 - Overriding database path with different value: C:\Users\1miln\.stmcufinder\plugins\mcufinder/ => C:\Users\1miln\.stmcufinder\plugins\mcufinder
2024-09-05 18:21:56,857 [WARN] DbFile:41 - Overriding database path with different value: C:\Users\1miln\.stmcufinder\plugins\mcufinder/ => C:\Users\1miln\.stmcufinder\plugins\mcufinder
2024-09-05 18:21:56,857 [INFO] CrossReferenceDbSqlite:203 - Set database path to: C:\Users\1miln\.stmcufinder\plugins\mcufinder//mcu/cs/
2024-09-05 18:21:56,925 [INFO] MainPanel:264 - HeapMemory: 268435456
2024-09-05 18:21:57,001 [INFO] DbMcusXml:78 - Set database path to: C:\ST\STM32CubeIDE_1.15.1\STM32CubeIDE\plugins\com.st.stm32cube.common.mx_6.11.1.202404110753\\db\/mcu/
2024-09-05 18:21:57,001 [INFO] ApiDb:274 - Set plugin database path to: C:\ST\STM32CubeIDE_1.15.1\STM32CubeIDE\plugins\com.st.stm32cube.common.mx_6.11.1.202404110753\\db\/plugins/boardmanager/
2024-09-05 18:21:57,001 [INFO] ApiDb:261 - Set plugin images path to: C:\ST\STM32CubeIDE_1.15.1\STM32CubeIDE\plugins\com.st.stm32cube.common.mx_6.11.1.202404110753\\db\/plugins/mcufinder/images/
2024-09-05 18:21:57,002 [WARN] DbFile:41 - Overriding database path with different value: C:\Users\1miln\.stmcufinder\plugins\mcufinder/ => C:\Users\1miln\.stmcufinder\plugins\mcufinder
2024-09-05 18:21:57,002 [INFO] ApiDb:250 - Set database path to: C:\Users\1miln\.stmcufinder\plugins\mcufinder//mcu/
2024-09-05 18:21:57,002 [WARN] DbFile:41 - Overriding database path with different value: C:\Users\1miln\.stmcufinder\plugins\mcufinder/ => C:\Users\1miln\.stmcufinder\plugins\mcufinder
2024-09-05 18:21:57,002 [INFO] DbMcusAds:125 - Set database path to: C:\Users\1miln\.stmcufinder\plugins\mcufinder//mcu/
2024-09-05 18:21:57,002 [WARN] DbFile:41 - Overriding database path with different value: C:\Users\1miln\.stmcufinder\plugins\mcufinder/ => C:\Users\1miln\.stmcufinder\plugins\mcufinder
2024-09-05 18:21:57,002 [WARN] DbFile:41 - Overriding database path with different value: C:\Users\1miln\.stmcufinder\plugins\mcufinder/ => C:\Users\1miln\.stmcufinder\plugins\mcufinder
2024-09-05 18:21:57,002 [INFO] CrossReferenceDbSqlite:203 - Set database path to: C:\Users\1miln\.stmcufinder\plugins\mcufinder//mcu/cs/
2024-09-05 18:21:57,016 [INFO] ApplicationProperties:184 - Using Application install path: C:\ST\STM32CubeIDE_1.15.1\STM32CubeIDE\plugins\com.st.stm32cube.common.mx_6.11.1.202404110753
2024-09-05 18:21:57,018 [INFO] PluginManage:196 - Search for loadable plugins [exclusion list=, ]
2024-09-05 18:21:57,019 [INFO] PluginManage:310 - Check plugin analytics
2024-09-05 18:21:57,149 [INFO] AnalyticsPlugin:253 - Accepted Software Licenses: STM32CubeMX.6.11.1
2024-09-05 18:21:57,150 [INFO] AnalyticsPlugin:255 - Accepted CMSIS Pack Licenses: 
2024-09-05 18:21:57,150 [INFO] AnalyticsPlugin:257 - Accepted Firmware Licenses: FW.F4.1.28.0
2024-09-05 18:21:57,151 [INFO] PluginManage:359 - Loaded plugin analytics (category:tool,tabindex:-1)
2024-09-05 18:21:57,151 [INFO] PluginManage:310 - Check plugin cadmodel
2024-09-05 18:21:57,165 [INFO] CADModel:105 - Init CAD model plugin
2024-09-05 18:21:57,165 [INFO] PluginManage:359 - Loaded plugin cadmodel (category:power,tabindex:5)
2024-09-05 18:21:57,165 [INFO] PluginManage:310 - Check plugin clock
2024-09-05 18:21:57,186 [INFO] PluginManage:359 - Loaded plugin clock (category:base,tabindex:2)
2024-09-05 18:21:57,187 [INFO] PluginManage:310 - Check plugin ddr
2024-09-05 18:21:57,189 [INFO] PluginManage:359 - Loaded plugin ddr (category:tool,tabindex:6)
2024-09-05 18:21:57,189 [INFO] PluginManage:310 - Check plugin filemanager
2024-09-05 18:21:57,324 [INFO] PluginManage:359 - Loaded plugin filemanager (category:base,tabindex:10)
2024-09-05 18:21:57,325 [INFO] PluginManage:310 - Check plugin ipmanager
2024-09-05 18:21:57,338 [INFO] PluginManage:359 - Loaded plugin ipmanager (category:base,tabindex:5)
2024-09-05 18:21:57,338 [INFO] PluginManage:310 - Check plugin lpbam
2024-09-05 18:21:57,353 [INFO] PluginManage:359 - Loaded plugin lpbam (category:base,tabindex:0)
2024-09-05 18:21:57,353 [INFO] PluginManage:310 - Check plugin memorymap
2024-09-05 18:21:57,373 [INFO] PluginManage:359 - Loaded plugin memorymap (category:base,tabindex:4)
2024-09-05 18:21:57,373 [INFO] PluginManage:310 - Check plugin pinoutandconfiguration
2024-09-05 18:21:57,386 [INFO] PluginManage:359 - Loaded plugin pinoutandconfiguration (category:base,tabindex:1)
2024-09-05 18:21:57,386 [INFO] PluginManage:310 - Check plugin pinoutconfig
2024-09-05 18:21:57,472 [WARN] SupportedApi:132 - Cannot load RTOS API schema: s4s-elt-must-match.1: The content of 'definitions' must match (annotation?, (simpleType | complexType)?, (unique | key | keyref)*)). A problem was found starting at: attribute.
2024-09-05 18:21:57,591 [INFO] PluginManage:359 - Loaded plugin pinoutconfig (category:base,tabindex:0)
2024-09-05 18:21:57,591 [INFO] PluginManage:310 - Check plugin power
2024-09-05 18:21:57,609 [INFO] PluginManage:359 - Loaded plugin power (category:power,tabindex:4)
2024-09-05 18:21:57,609 [INFO] PluginManage:310 - Check plugin projectmanager
2024-09-05 18:21:57,624 [INFO] PluginManage:359 - Loaded plugin projectmanager (category:projectmanager,tabindex:3)
2024-09-05 18:21:57,624 [INFO] PluginManage:310 - Check plugin thirdparty
2024-09-05 18:21:57,867 [INFO] PluginManage:359 - Loaded plugin thirdparty (category:base,tabindex:-1)
2024-09-05 18:21:57,867 [WARN] IntegrityCheckThread:84 - waiting for thirdparty lock release [integrity check]
2024-09-05 18:21:57,867 [INFO] PluginManage:310 - Check plugin tools
2024-09-05 18:21:57,868 [INFO] IntegrityCheckThread:86 - entering critical section [integrity check]
2024-09-05 18:21:57,868 [INFO] ThirdPartyUpdaterWithRetryManager:70 - Updater plugin not ready yet. [1/15]
2024-09-05 18:21:57,901 [INFO] PluginManage:359 - Loaded plugin tools (category:base,tabindex:7)
2024-09-05 18:21:57,901 [INFO] PluginManage:310 - Check plugin tutovideos
2024-09-05 18:21:58,079 [INFO] PluginManage:359 - Loaded plugin tutovideos (category:base,tabindex:-1)
2024-09-05 18:21:58,080 [INFO] PluginManage:310 - Check plugin updater
2024-09-05 18:21:58,091 [INFO] PluginManage:359 - Loaded plugin updater (category:base,tabindex:12)
2024-09-05 18:21:58,091 [INFO] PluginManage:310 - Check plugin userauth
2024-09-05 18:21:58,096 [INFO] UserAuth:114 - Init User Auth plugin
2024-09-05 18:21:58,096 [INFO] PluginManage:359 - Loaded plugin userauth (category:base,tabindex:14)
2024-09-05 18:21:58,097 [INFO] PluginManage:283 - PluginManage : Loaded plugins [17]
2024-09-05 18:21:58,308 [INFO] PinOutPanel:1561 - setPackage(No Configuration,No Configuration)
2024-09-05 18:21:58,374 [INFO] CADModel:165 - CPN selected for project level
2024-09-05 18:21:58,374 [INFO] CADModel:114 - Register for checkConnection events
2024-09-05 18:21:58,397 [INFO] IPUIPlugin:80 - create IPUIPlugin
2024-09-05 18:21:58,397 [INFO] PluginManager:220 - loadIPPluginJar : add adc
2024-09-05 18:21:58,422 [INFO] IPUIPlugin:80 - create IPUIPlugin
2024-09-05 18:21:58,423 [INFO] PluginManager:220 - loadIPPluginJar : add aes
2024-09-05 18:21:58,452 [INFO] IPUIPlugin:80 - create IPUIPlugin
2024-09-05 18:21:58,452 [INFO] PluginManager:220 - loadIPPluginJar : add can
2024-09-05 18:21:58,471 [INFO] IPUIPlugin:80 - create IPUIPlugin
2024-09-05 18:21:58,471 [INFO] PluginManager:220 - loadIPPluginJar : add comp
2024-09-05 18:21:58,502 [INFO] IPUIPlugin:80 - create IPUIPlugin
2024-09-05 18:21:58,503 [INFO] PluginManager:220 - loadIPPluginJar : add cryp
2024-09-05 18:21:58,526 [INFO] IPUIPlugin:80 - create IPUIPlugin
2024-09-05 18:21:58,526 [INFO] PluginManager:220 - loadIPPluginJar : add dfsdm
2024-09-05 18:21:58,539 [INFO] IPUIPlugin:80 - create IPUIPlugin
2024-09-05 18:21:58,539 [INFO] PluginManager:220 - loadIPPluginJar : add dma
2024-09-05 18:21:58,577 [INFO] IPUIPlugin:80 - create IPUIPlugin
2024-09-05 18:21:58,577 [INFO] PluginManager:220 - loadIPPluginJar : add dma3
2024-09-05 18:21:58,617 [INFO] IPUIPlugin:80 - create IPUIPlugin
2024-09-05 18:21:58,618 [INFO] PluginManager:220 - loadIPPluginJar : add extmemmanager
2024-09-05 18:21:58,634 [INFO] IPUIPlugin:80 - create IPUIPlugin
2024-09-05 18:21:58,634 [INFO] PluginManager:220 - loadIPPluginJar : add fatfs
2024-09-05 18:21:58,667 [INFO] IPUIPlugin:80 - create IPUIPlugin
2024-09-05 18:21:58,667 [INFO] PluginManager:220 - loadIPPluginJar : add fmc
2024-09-05 18:21:58,679 [INFO] IPUIPlugin:80 - create IPUIPlugin
2024-09-05 18:21:58,679 [INFO] PluginManager:220 - loadIPPluginJar : add freertos
2024-09-05 18:21:58,694 [INFO] IPUIPlugin:80 - create IPUIPlugin
2024-09-05 18:21:58,694 [INFO] PluginManager:220 - loadIPPluginJar : add genericplugin
2024-09-05 18:21:58,757 [INFO] IPUIPlugin:80 - create IPUIPlugin
2024-09-05 18:21:58,757 [INFO] PluginManager:220 - loadIPPluginJar : add gfxmmu
2024-09-05 18:21:58,857 [INFO] IPUIPlugin:80 - create IPUIPlugin
2024-09-05 18:21:58,857 [INFO] PluginManager:220 - loadIPPluginJar : add gic
2024-09-05 18:21:58,869 [INFO] IPUIPlugin:80 - create IPUIPlugin
2024-09-05 18:21:58,869 [INFO] PluginManager:220 - loadIPPluginJar : add gpio
2024-09-05 18:21:58,947 [INFO] IPUIPlugin:80 - create IPUIPlugin
2024-09-05 18:21:58,947 [INFO] PluginManager:220 - loadIPPluginJar : add gtzc
2024-09-05 18:21:58,974 [INFO] IPUIPlugin:80 - create IPUIPlugin
2024-09-05 18:21:58,974 [INFO] PluginManager:220 - loadIPPluginJar : add hash
2024-09-05 18:21:59,010 [INFO] IPUIPlugin:80 - create IPUIPlugin
2024-09-05 18:21:59,010 [INFO] PluginManager:220 - loadIPPluginJar : add i2c
2024-09-05 18:21:59,038 [INFO] IPUIPlugin:80 - create IPUIPlugin
2024-09-05 18:21:59,038 [INFO] PluginManager:220 - loadIPPluginJar : add i2s
2024-09-05 18:21:59,068 [INFO] IPUIPlugin:80 - create IPUIPlugin
2024-09-05 18:21:59,068 [INFO] PluginManager:220 - loadIPPluginJar : add i3c
2024-09-05 18:21:59,152 [INFO] IPUIPlugin:80 - create IPUIPlugin
2024-09-05 18:21:59,152 [INFO] PluginManager:220 - loadIPPluginJar : add ipddr
2024-09-05 18:21:59,230 [INFO] IPUIPlugin:80 - create IPUIPlugin
2024-09-05 18:21:59,230 [INFO] PluginManager:220 - loadIPPluginJar : add linkedlist
2024-09-05 18:21:59,254 [INFO] IPUIPlugin:80 - create IPUIPlugin
2024-09-05 18:21:59,254 [INFO] PluginManager:220 - loadIPPluginJar : add lorawan
2024-09-05 18:21:59,279 [INFO] IPUIPlugin:80 - create IPUIPlugin
2024-09-05 18:21:59,279 [INFO] PluginManager:220 - loadIPPluginJar : add ltdc
2024-09-05 18:21:59,291 [INFO] IPUIPlugin:80 - create IPUIPlugin
2024-09-05 18:21:59,291 [INFO] PluginManager:220 - loadIPPluginJar : add mdma
2024-09-05 18:21:59,303 [INFO] IPUIPlugin:80 - create IPUIPlugin
2024-09-05 18:21:59,303 [INFO] PluginManager:220 - loadIPPluginJar : add nvic
2024-09-05 18:21:59,339 [INFO] IPUIPlugin:80 - create IPUIPlugin
2024-09-05 18:21:59,339 [INFO] PluginManager:220 - loadIPPluginJar : add opamp
2024-09-05 18:21:59,382 [INFO] IPUIPlugin:80 - create IPUIPlugin
2024-09-05 18:21:59,383 [INFO] PluginManager:220 - loadIPPluginJar : add openamp
2024-09-05 18:21:59,412 [INFO] IPUIPlugin:80 - create IPUIPlugin
2024-09-05 18:21:59,412 [INFO] PluginManager:220 - loadIPPluginJar : add pdm2pcm
2024-09-05 18:21:59,425 [INFO] IPUIPlugin:80 - create IPUIPlugin
2024-09-05 18:21:59,427 [INFO] PluginManager:220 - loadIPPluginJar : add plateformsettings
2024-09-05 18:21:59,442 [INFO] IPUIPlugin:80 - create IPUIPlugin
2024-09-05 18:21:59,443 [INFO] PluginManager:220 - loadIPPluginJar : add quadspi
2024-09-05 18:21:59,454 [INFO] IPUIPlugin:80 - create IPUIPlugin
2024-09-05 18:21:59,454 [INFO] PluginManager:220 - loadIPPluginJar : add resmgrutility
2024-09-05 18:21:59,491 [INFO] IPUIPlugin:80 - create IPUIPlugin
2024-09-05 18:21:59,491 [INFO] PluginManager:220 - loadIPPluginJar : add sai
2024-09-05 18:21:59,529 [INFO] IPUIPlugin:80 - create IPUIPlugin
2024-09-05 18:21:59,529 [INFO] PluginManager:220 - loadIPPluginJar : add spi
2024-09-05 18:21:59,608 [INFO] IPUIPlugin:80 - create IPUIPlugin
2024-09-05 18:21:59,608 [INFO] PluginManager:220 - loadIPPluginJar : add stm32_wpan
2024-09-05 18:21:59,628 [INFO] IPUIPlugin:80 - create IPUIPlugin
2024-09-05 18:21:59,628 [INFO] PluginManager:220 - loadIPPluginJar : add tim
2024-09-05 18:21:59,671 [INFO] IPUIPlugin:80 - create IPUIPlugin
2024-09-05 18:21:59,671 [INFO] PluginManager:220 - loadIPPluginJar : add touchsensing
2024-09-05 18:21:59,688 [INFO] IPUIPlugin:80 - create IPUIPlugin
2024-09-05 18:21:59,688 [INFO] PluginManager:220 - loadIPPluginJar : add tracer_emb
2024-09-05 18:21:59,703 [INFO] IPUIPlugin:80 - create IPUIPlugin
2024-09-05 18:21:59,704 [INFO] PluginManager:220 - loadIPPluginJar : add ts
2024-09-05 18:21:59,720 [INFO] IPUIPlugin:80 - create IPUIPlugin
2024-09-05 18:21:59,720 [INFO] PluginManager:220 - loadIPPluginJar : add tsc
2024-09-05 18:21:59,735 [INFO] IPUIPlugin:80 - create IPUIPlugin
2024-09-05 18:21:59,735 [INFO] PluginManager:220 - loadIPPluginJar : add ucpd
2024-09-05 18:21:59,768 [INFO] IPUIPlugin:80 - create IPUIPlugin
2024-09-05 18:21:59,769 [INFO] PluginManager:220 - loadIPPluginJar : add usart
2024-09-05 18:21:59,802 [INFO] IPUIPlugin:80 - create IPUIPlugin
2024-09-05 18:21:59,802 [INFO] PluginManager:220 - loadIPPluginJar : add usbx
2024-09-05 18:21:59,924 [INFO] CADModel:165 - CPN selected for project level
2024-09-05 18:21:59,924 [INFO] CADModel:114 - Register for checkConnection events
2024-09-05 18:21:59,924 [FATAL] Updater:308 - Updater called before beeing initialized
2024-09-05 18:21:59,924 [ERROR] CADModel:125 - Updater not yet initialized, retry later 
2024-09-05 18:22:00,054 [INFO] CADModel:165 - CPN selected for project level
2024-09-05 18:22:00,054 [INFO] CADModel:114 - Register for checkConnection events
2024-09-05 18:22:00,054 [FATAL] Updater:308 - Updater called before beeing initialized
2024-09-05 18:22:00,055 [ERROR] CADModel:125 - Updater not yet initialized, retry later 
2024-09-05 18:22:00,058 [FATAL] Updater:308 - Updater called before beeing initialized
2024-09-05 18:22:00,142 [FATAL] Updater:308 - Updater called before beeing initialized
2024-09-05 18:22:00,151 [INFO] DbMcusAds:53 - JSON generation date=Thu May 16 05:22:00 EDT 2024 (1715851320667)
2024-09-05 18:22:00,151 [FATAL] Updater:308 - Updater called before beeing initialized
2024-09-05 18:22:00,211 [WARN] DetailPanel:346 - Failed to get advertising image, set to default
2024-09-05 18:22:00,281 [FATAL] Updater:308 - Updater called before beeing initialized
2024-09-05 18:22:00,283 [FATAL] Updater:308 - Updater called before beeing initialized
2024-09-05 18:22:00,283 [FATAL] Updater:308 - Updater called before beeing initialized
2024-09-05 18:22:00,284 [WARN] DetailPanel:346 - Failed to get advertising image, set to default
2024-09-05 18:22:00,284 [FATAL] Updater:308 - Updater called before beeing initialized
2024-09-05 18:22:00,363 [ERROR] Updater:1120 - MainUpdater not yet initialized. External WinMGr cannot be set.
2024-09-05 18:22:00,372 [INFO] Updater:1056 - Updater Version found : 6.11.1
2024-09-05 18:22:00,392 [INFO] ApplicationProperties:184 - Using Application install path: C:\ST\STM32CubeIDE_1.15.1\STM32CubeIDE\plugins\com.st.stm32cube.common.mx_6.11.1.202404110753
2024-09-05 18:22:00,871 [INFO] ThirdPartyUpdaterWithRetryManager:70 - Updater plugin not ready yet. [2/15]
2024-09-05 18:22:01,974 [ERROR] LogOutputStream:75 - [STDERR_REDIRECT] Sep 05, 2024 6:22:01 PM java.util.prefs.WindowsPreferences <init>
2024-09-05 18:22:01,974 [ERROR] LogOutputStream:75 - [STDERR_REDIRECT] WARNING: Could not open/create prefs root node Software\JavaSoft\Prefs at root 0xffffffff80000002. Windows RegCreateKeyEx(...) returned error code 5.
2024-09-05 18:22:01,975 [ERROR] LogOutputStream:75 - [STDERR_REDIRECT] 
2024-09-05 18:22:02,252 [INFO] MainUpdater:2873 - connection check result : 10
2024-09-05 18:22:02,252 [INFO] MainUpdater:3567 - Updater definition file requires update
2024-09-05 18:22:02,253 [INFO] MainUpdater:290 - Updater Check For Update Now.
2024-09-05 18:22:02,253 [INFO] MicroXplorer:498 - Change Database Version : DB.6.0.111
2024-09-05 18:22:02,265 [INFO] McuFinderGlobals:63 - Set McuFinder mode to 2 (CubeIDE integrated)
2024-09-05 18:22:02,273 [INFO] UserAuth:415 - Internet connection configuration mode: 1
2024-09-05 18:22:02,291 [INFO] JxBrowserEngine:152 - Initiate JxBrowser Engine with user profile folder
2024-09-05 18:22:02,375 [INFO] ServerAccessManage:473 - Download File updaters.zip
2024-09-05 18:22:02,449 [INFO] FileExtend:240 - Unzip File : updaters.zip
2024-09-05 18:22:02,450 [INFO] FileExtend:255 - Standard Zip Deflate
2024-09-05 18:22:03,086 [INFO] ServerAccessManage:473 - Download File PacksControlFlags.xml
2024-09-05 18:22:03,236 [INFO] ServerAccessManage:473 - Download File cubemx.pidx
2024-09-05 18:22:03,329 [INFO] LoadServerUpdatesThread:375 - End of LoadServerUpdate Thread
2024-09-05 18:22:03,491 [INFO] CheckServerUpdateThread:120 - End of CheckServer Thread
2024-09-05 18:22:04,057 [WARN] PackLoader:240 - Cannot read IP mode file for STMicroelectronics.FP-SNS-MOTENVWB1.1.4.0
2024-09-05 18:22:04,074 [WARN] PackLoader:240 - Cannot read IP mode file for STMicroelectronics.X-CUBE-SMBUS.2.1.0
2024-09-05 18:22:04,110 [WARN] PackLoader:240 - Cannot read IP mode file for STMicroelectronics.X-CUBE-AZRTOS-F7.1.1.0
2024-09-05 18:22:04,170 [WARN] PackLoader:240 - Cannot read IP mode file for STMicroelectronics.X-CUBE-MEMS1.11.0.0
2024-09-05 18:22:04,280 [WARN] PackLoader:240 - Cannot read IP mode file for STMicroelectronics.FP-SNS-FLIGHT1.5.0.2
2024-09-05 18:22:04,293 [WARN] PackLoader:240 - Cannot read IP mode file for STMicroelectronics.X-CUBE-DISPLAY.3.0.0
2024-09-05 18:22:04,305 [WARN] PackLoader:240 - Cannot read IP mode file for STMicroelectronics.X-CUBE-BLE1.7.0.0
2024-09-05 18:22:04,315 [WARN] PackLoader:240 - Cannot read IP mode file for emotas.I-CUBE-CANOPEN.1.3.0
2024-09-05 18:22:04,327 [WARN] PackLoader:240 - Cannot read IP mode file for STMicroelectronics.X-CUBE-BLEMGR.3.1.0
2024-09-05 18:22:04,337 [WARN] PackLoader:240 - Cannot read IP mode file for STMicroelectronics.FP-SNS-SMARTAG2.1.2.0
2024-09-05 18:22:04,351 [INFO] LogOutputStream:77 - [STDOUT_REDIRECT] 1 : Invalid condition id : UX_CORESTACK_Condition cause : null
2024-09-05 18:22:04,351 [INFO] LogOutputStream:77 - [STDOUT_REDIRECT] 1 : Invalid condition id : UX_CORESTACK_Condition cause : null
2024-09-05 18:22:04,352 [INFO] LogOutputStream:77 - [STDOUT_REDIRECT] 1 : Invalid condition id : UX_CORESTACK_Condition cause : null
2024-09-05 18:22:04,352 [INFO] LogOutputStream:77 - [STDOUT_REDIRECT] 1 : Invalid condition id : UX_CORESTACK_Condition cause : null
2024-09-05 18:22:04,353 [INFO] LogOutputStream:77 - [STDOUT_REDIRECT] 1 : Invalid condition id : UX_CORESTACK_Condition cause : null
2024-09-05 18:22:04,354 [WARN] PackLoader:240 - Cannot read IP mode file for STMicroelectronics.X-CUBE-AZRTOS-WL.2.0.0
2024-09-05 18:22:04,367 [WARN] PackLoader:240 - Cannot read IP mode file for STMicroelectronics.FP-SNS-MOTENV1.5.0.0
2024-09-05 18:22:04,376 [WARN] PackLoader:240 - Cannot read IP mode file for wolfSSL.I-CUBE-wolfMQTT.1.19.0
2024-09-05 18:22:04,387 [WARN] PackLoader:240 - Cannot read IP mode file for WES.I-CUBE-Cesium.1.3.0
2024-09-05 18:22:04,396 [WARN] PackLoader:240 - Cannot read IP mode file for STMicroelectronics.X-CUBE-BLE2.3.3.0
2024-09-05 18:22:04,406 [WARN] PackLoader:240 - Cannot read IP mode file for STMicroelectronics.X-CUBE-TCPP.4.1.0
2024-09-05 18:22:04,428 [WARN] PackLoader:240 - Cannot read IP mode file for STMicroelectronics.X-CUBE-AZRTOS-G0.1.1.0
2024-09-05 18:22:04,440 [WARN] PackLoader:240 - Cannot read IP mode file for STMicroelectronics.X-CUBE-SAFEA1.1.2.2
2024-09-05 18:22:04,452 [WARN] PackLoader:240 - Cannot read IP mode file for STMicroelectronics.X-CUBE-NFC4.3.0.0
2024-09-05 18:22:04,467 [WARN] PackLoader:240 - Cannot read IP mode file for EmbeddedOffice.I-CUBE-FS-RTOS.1.0.1
2024-09-05 18:22:04,467 [ERROR] ConditionMgr:805 - Attr not supported : Dmpu
2024-09-05 18:22:04,467 [ERROR] ConditionMgr:805 - Attr not supported : Dmpu
2024-09-05 18:22:04,467 [ERROR] ConditionMgr:805 - Attr not supported : Dmpu
2024-09-05 18:22:04,467 [ERROR] ConditionMgr:805 - Attr not supported : Dmpu
2024-09-05 18:22:04,467 [ERROR] ConditionMgr:805 - Attr not supported : Dmpu
2024-09-05 18:22:04,467 [ERROR] ConditionMgr:805 - Attr not supported : Dmpu
2024-09-05 18:22:04,467 [ERROR] ConditionMgr:805 - Attr not supported : Dmpu
2024-09-05 18:22:04,467 [ERROR] ConditionMgr:805 - Attr not supported : Dmpu
2024-09-05 18:22:04,467 [ERROR] ConditionMgr:805 - Attr not supported : Dmpu
2024-09-05 18:22:04,467 [ERROR] ConditionMgr:805 - Attr not supported : Dmpu
2024-09-05 18:22:04,467 [ERROR] ConditionMgr:805 - Attr not supported : Dmpu
2024-09-05 18:22:04,467 [ERROR] ConditionMgr:805 - Attr not supported : Dmpu
2024-09-05 18:22:04,467 [ERROR] ConditionMgr:805 - Attr not supported : Dmpu
2024-09-05 18:22:04,467 [ERROR] ConditionMgr:805 - Attr not supported : Dmpu
2024-09-05 18:22:04,467 [ERROR] ConditionMgr:805 - Attr not supported : Dmpu
2024-09-05 18:22:04,467 [ERROR] ConditionMgr:805 - Attr not supported : Dmpu
2024-09-05 18:22:04,467 [ERROR] ConditionMgr:805 - Attr not supported : Dmpu
2024-09-05 18:22:04,467 [ERROR] ConditionMgr:805 - Attr not supported : Dmpu
2024-09-05 18:22:04,467 [ERROR] ConditionMgr:805 - Attr not supported : Dmpu
2024-09-05 18:22:04,467 [ERROR] ConditionMgr:805 - Attr not supported : Dmpu
2024-09-05 18:22:04,467 [ERROR] ConditionMgr:805 - Attr not supported : Dmpu
2024-09-05 18:22:04,467 [ERROR] ConditionMgr:805 - Attr not supported : Dmpu
2024-09-05 18:22:04,468 [ERROR] ConditionMgr:805 - Attr not supported : Dmpu
2024-09-05 18:22:04,468 [ERROR] ConditionMgr:805 - Attr not supported : Dmpu
2024-09-05 18:22:04,468 [ERROR] ConditionMgr:805 - Attr not supported : Dmpu
2024-09-05 18:22:04,468 [ERROR] ConditionMgr:805 - Attr not supported : Dmpu
2024-09-05 18:22:04,468 [ERROR] ConditionMgr:805 - Attr not supported : Dmpu
2024-09-05 18:22:04,468 [ERROR] ConditionMgr:805 - Attr not supported : Dmpu
2024-09-05 18:22:04,468 [ERROR] ConditionMgr:805 - Attr not supported : Dmpu
2024-09-05 18:22:04,468 [ERROR] ConditionMgr:805 - Attr not supported : Dmpu
2024-09-05 18:22:04,468 [ERROR] ConditionMgr:805 - Attr not supported : Dmpu
2024-09-05 18:22:04,468 [ERROR] ConditionMgr:805 - Attr not supported : Dmpu
2024-09-05 18:22:04,468 [ERROR] ConditionMgr:805 - Attr not supported : Dmpu
2024-09-05 18:22:04,468 [ERROR] ConditionMgr:805 - Attr not supported : Dmpu
2024-09-05 18:22:04,468 [ERROR] ConditionMgr:805 - Attr not supported : Dmpu
2024-09-05 18:22:04,468 [ERROR] ConditionMgr:805 - Attr not supported : Dmpu
2024-09-05 18:22:04,468 [ERROR] ConditionMgr:805 - Attr not supported : Dmpu
2024-09-05 18:22:04,468 [ERROR] ConditionMgr:805 - Attr not supported : Dmpu
2024-09-05 18:22:04,469 [ERROR] ConditionMgr:805 - Attr not supported : Dmpu
2024-09-05 18:22:04,469 [ERROR] ConditionMgr:805 - Attr not supported : Dmpu
2024-09-05 18:22:04,469 [ERROR] ConditionMgr:805 - Attr not supported : Dmpu
2024-09-05 18:22:04,469 [ERROR] ConditionMgr:805 - Attr not supported : Dmpu
2024-09-05 18:22:04,469 [ERROR] ConditionMgr:805 - Attr not supported : Dmpu
2024-09-05 18:22:04,469 [ERROR] ConditionMgr:805 - Attr not supported : Dmpu
2024-09-05 18:22:04,469 [ERROR] ConditionMgr:805 - Attr not supported : Dmpu
2024-09-05 18:22:04,469 [ERROR] ConditionMgr:805 - Attr not supported : Dmpu
2024-09-05 18:22:04,469 [ERROR] ConditionMgr:805 - Attr not supported : Dmpu
2024-09-05 18:22:04,469 [ERROR] ConditionMgr:805 - Attr not supported : Dmpu
2024-09-05 18:22:04,469 [ERROR] ConditionMgr:805 - Attr not supported : Dmpu
2024-09-05 18:22:04,469 [ERROR] ConditionMgr:805 - Attr not supported : Dmpu
2024-09-05 18:22:04,469 [ERROR] ConditionMgr:805 - Attr not supported : Dmpu
2024-09-05 18:22:04,469 [ERROR] ConditionMgr:805 - Attr not supported : Dmpu
2024-09-05 18:22:04,469 [ERROR] ConditionMgr:805 - Attr not supported : Dmpu
2024-09-05 18:22:04,469 [ERROR] ConditionMgr:805 - Attr not supported : Dmpu
2024-09-05 18:22:04,469 [ERROR] ConditionMgr:805 - Attr not supported : Dmpu
2024-09-05 18:22:04,469 [ERROR] ConditionMgr:805 - Attr not supported : Dmpu
2024-09-05 18:22:04,469 [ERROR] ConditionMgr:805 - Attr not supported : Dmpu
2024-09-05 18:22:04,469 [ERROR] ConditionMgr:805 - Attr not supported : Dmpu
2024-09-05 18:22:04,469 [ERROR] ConditionMgr:805 - Attr not supported : Dmpu
2024-09-05 18:22:04,469 [ERROR] ConditionMgr:805 - Attr not supported : Dmpu
2024-09-05 18:22:04,469 [ERROR] ConditionMgr:805 - Attr not supported : Dmpu
2024-09-05 18:22:04,470 [ERROR] ConditionMgr:805 - Attr not supported : Dmpu
2024-09-05 18:22:04,470 [ERROR] ConditionMgr:805 - Attr not supported : Dmpu
2024-09-05 18:22:04,470 [ERROR] ConditionMgr:805 - Attr not supported : Dmpu
2024-09-05 18:22:04,481 [WARN] PackLoader:240 - Cannot read IP mode file for RealThread.X-CUBE-RT-Thread_Nano.4.1.1
2024-09-05 18:22:04,489 [WARN] PackLoader:240 - Cannot read IP mode file for wolfSSL.I-CUBE-wolfSSL.5.7.0
2024-09-05 18:22:04,497 [WARN] PackLoader:240 - Cannot read IP mode file for STMicroelectronics.FP-ATR-SIGFOX1.3.2.0
2024-09-05 18:22:04,508 [WARN] PackLoader:240 - Cannot read IP mode file for STMicroelectronics.X-CUBE-EEPRMA1.5.1.0
2024-09-05 18:22:04,519 [WARN] PackLoader:240 - Cannot read IP mode file for ITTIA_DB.I-CUBE-ITTIADB.8.9.0
2024-09-05 18:22:04,551 [WARN] PackLoader:240 - Cannot read IP mode file for SEGGER.I-CUBE-embOS.1.3.1
2024-09-05 18:22:04,590 [WARN] PackLoader:240 - Cannot read IP mode file for STMicroelectronics.X-CUBE-ALGOBUILD.1.4.0
2024-09-05 18:22:04,600 [WARN] PackLoader:240 - Cannot read IP mode file for STMicroelectronics.X-CUBE-GNSS1.6.0.0
2024-09-05 18:22:04,619 [WARN] PackLoader:240 - Cannot read IP mode file for STMicroelectronics.X-CUBE-AZRTOS-F4.1.1.0
2024-09-05 18:22:04,630 [WARN] PackLoader:240 - Cannot read IP mode file for STMicroelectronics.X-CUBE-FREERTOS.1.2.0
2024-09-05 18:22:04,650 [WARN] PackLoader:240 - Cannot read IP mode file for STMicroelectronics.X-CUBE-AZRTOS-L5.2.0.0
2024-09-05 18:22:04,661 [WARN] PackLoader:240 - Cannot read IP mode file for STMicroelectronics.X-CUBE-NFC6.3.1.0
2024-09-05 18:22:04,674 [WARN] PackLoader:240 - Cannot read IP mode file for STMicroelectronics.X-CUBE-DPower.1.2.0
2024-09-05 18:22:04,685 [WARN] PackLoader:240 - Cannot read IP mode file for STMicroelectronics.X-CUBE-AI.9.0.0
2024-09-05 18:22:04,695 [WARN] PackLoader:240 - Cannot read IP mode file for STMicroelectronics.X-CUBE-NFC7.1.0.1
2024-09-05 18:22:04,707 [WARN] PackLoader:240 - Cannot read IP mode file for wolfSSL.I-CUBE-wolfTPM.3.2.0
2024-09-05 18:22:04,733 [WARN] ConditionMgr:438 - getConditionDescription Invalid condition id : LAN8742 Phy interface Condition cause : null
2024-09-05 18:22:04,734 [WARN] PackLoader:240 - Cannot read IP mode file for STMicroelectronics.X-CUBE-AZRTOS-L4.2.0.0
2024-09-05 18:22:04,735 [WARN] ConditionMgr:1039 - genDependencies : Invalid condition id : LAN8742 Phy interface Condition cause : null
2024-09-05 18:22:04,735 [WARN] ConditionMgr:1039 - genDependencies : Invalid condition id : LAN8742 Phy interface Condition cause : null
2024-09-05 18:22:04,735 [WARN] ConditionMgr:1039 - genDependencies : Invalid condition id : LAN8742 Phy interface Condition cause : null
2024-09-05 18:22:04,748 [WARN] PackLoader:240 - Cannot read IP mode file for STMicroelectronics.X-CUBE-SFXS2LP1.4.0.0
2024-09-05 18:22:04,770 [WARN] PackLoader:240 - Cannot read IP mode file for STMicroelectronics.X-CUBE-AZRTOS-H7.3.3.0
2024-09-05 18:22:04,796 [WARN] ConditionMgr:438 - getConditionDescription Invalid condition id : UX DEVICE CLASS RTOS Condition cause : null
2024-09-05 18:22:04,796 [WARN] ConditionMgr:438 - getConditionDescription Invalid condition id : UX DEVICE CLASS RTOS Condition cause : null
2024-09-05 18:22:04,798 [WARN] PackLoader:240 - Cannot read IP mode file for STMicroelectronics.X-CUBE-AZRTOS-WB.2.0.0
2024-09-05 18:22:04,799 [WARN] ConditionMgr:1039 - genDependencies : Invalid condition id : UX DEVICE CLASS RTOS Condition cause : null
2024-09-05 18:22:04,799 [WARN] ConditionMgr:1039 - genDependencies : Invalid condition id : UX DEVICE CLASS RTOS Condition cause : null
2024-09-05 18:22:04,799 [WARN] ConditionMgr:1039 - genDependencies : Invalid condition id : UX DEVICE CLASS RTOS Condition cause : null
2024-09-05 18:22:04,800 [WARN] ConditionMgr:1039 - genDependencies : Invalid condition id : UX DEVICE CLASS RTOS Condition cause : null
2024-09-05 18:22:04,800 [WARN] ConditionMgr:1039 - genDependencies : Invalid condition id : UX DEVICE CLASS RTOS Condition cause : null
2024-09-05 18:22:04,815 [WARN] PackLoader:240 - Cannot read IP mode file for STMicroelectronics.FP-SNS-STBOX1.2.0.0
2024-09-05 18:22:04,841 [WARN] PackLoader:240 - Cannot read IP mode file for STMicroelectronics.X-CUBE-SUBG2.5.0.0
2024-09-05 18:22:04,855 [WARN] PackLoader:240 - Cannot read IP mode file for Cesanta.I-CUBE-Mongoose.7.13.0
2024-09-05 18:22:04,876 [WARN] PackLoader:240 - Cannot read IP mode file for STMicroelectronics.X-CUBE-AZRTOS-G4.2.0.0
2024-09-05 18:22:04,886 [WARN] PackLoader:240 - Cannot read IP mode file for STMicroelectronics.X-CUBE-ISPU.2.0.0
2024-09-05 18:22:04,896 [WARN] PackLoader:240 - Cannot read IP mode file for STMicroelectronics.X-CUBE-ALS.1.0.2
2024-09-05 18:22:04,927 [WARN] PackLoader:240 - Cannot read IP mode file for STMicroelectronics.X-CUBE-MEMS1.10.0.0
2024-09-05 18:22:05,008 [WARN] PackLoader:240 - Cannot read IP mode file for STMicroelectronics.X-CUBE-TOUCHGFX.4.24.0
2024-09-05 18:22:05,020 [WARN] PackLoader:240 - Cannot read IP mode file for portGmbH.I-Cube-SoM-uGOAL.1.1.0
2024-09-05 18:22:05,049 [WARN] PackLoader:240 - Cannot read IP mode file for STMicroelectronics.X-CUBE-AZRTOS-H7RS.1.0.0
2024-09-05 18:22:05,062 [WARN] PackLoader:240 - Cannot read IP mode file for STMicroelectronics.FP-ATR-ASTRA1.2.0.0
2024-09-05 18:22:05,079 [WARN] PackLoader:240 - Cannot read IP mode file for STMicroelectronics.X-CUBE-TOF1.3.4.2
2024-09-05 18:22:05,106 [WARN] PackLoader:240 - Cannot read IP mode file for STMicroelectronics.X-CUBE-TOF1.3.4.1
2024-09-05 18:22:05,138 [WARN] PackLoader:240 - Cannot read IP mode file for STMicroelectronics.X-CUBE-AZRTOS-H7.3.2.0
2024-09-05 18:22:05,156 [WARN] PackLoader:240 - Cannot read IP mode file for Infineon.AIROC-Wi-Fi-Bluetooth-STM32.1.6.0
2024-09-05 18:22:05,165 [WARN] PackLoader:240 - Cannot read IP mode file for wolfSSL.I-CUBE-wolfSSH.1.4.17
2024-09-05 18:22:05,165 [INFO] ThirdParty:978 - Integrity check success = true
2024-09-05 18:22:05,165 [INFO] IntegrityCheckThread:100 - exiting critical section [integrity check]
2024-09-05 18:22:05,165 [INFO] IntegrityCheckThread:103 - End integrity checks thread
2024-09-05 18:22:06,331 [INFO] WebApp:161 - Instantiating new browser for Auth
2024-09-05 18:22:07,161 [INFO] WebApp:779 - Register for checkConnection events
2024-09-05 18:22:07,162 [INFO] WebApp:414 - Apply proxy settings
2024-09-05 18:22:07,162 [INFO] WebApp:499 - Chromium requires no authentication
2024-09-05 18:22:07,171 [INFO] WebApp:442 - Direct internet connection detected
2024-09-05 18:22:07,356 [INFO] WebApp:192 - Starting web application
2024-09-05 18:22:07,356 [INFO] WebApp:544 - Web application path used C:\ST\STM32CubeIDE_1.15.1\STM32CubeIDE\plugins\com.st.stm32cube.common.mx_6.11.1.202404110753\db\plugins\mcufinder\reactClient1\index.html
2024-09-05 18:49:56,417 [INFO] McuFinderGlobals:63 - Set McuFinder mode to 2 (CubeIDE integrated)
2024-09-05 18:49:56,446 [INFO] MainUpdater:2873 - connection check result : 10
2024-09-05 18:49:56,453 [INFO] MainUpdater:2873 - connection check result : 10
2024-09-05 18:49:56,709 [INFO] MicroXplorer:468 - Change Database Path : 
2024-09-05 18:49:56,710 [INFO] MicroXplorer:498 - Change Database Version : DB.6.0.111
2024-09-05 18:49:56,719 [WARN] ThirdParty:871 - waiting for thirdparty lock release [close project]
2024-09-05 18:49:56,719 [INFO] ThirdParty:873 - entering critical section [close project]
2024-09-05 18:49:56,724 [INFO] ThirdParty:883 - exiting critical section [close project]
2024-09-05 18:49:56,729 [INFO] PinOutPanel:1561 - setPackage(No Configuration,No Configuration)
2024-09-05 18:49:56,734 [INFO] UtilMem:75 - Begin LoadConfig() Used Memory: 687444512 Bytes (1073741824)
2024-09-05 18:49:56,736 [INFO] MicroXplorer:468 - Change Database Path : 
2024-09-05 18:49:56,736 [INFO] MicroXplorer:498 - Change Database Version : DB.6.0.111
2024-09-05 18:49:56,736 [INFO] OpenFileManager:312 - Change cursor
2024-09-05 18:49:56,790 [INFO] Mcu:2021 - Initializing MCU STM32F303C(B-C)Tx STM32F303CBTx STM32F303CBT6
2024-09-05 18:49:58,706 [INFO] Context:663 - Trying to add GPIOservice into a context  which must be forbidden
2024-09-05 18:49:59,366 [INFO] RtosManager:555 - Registered RTOS mode: class=CMSIS, group=RTOS, mode=CMSIS_V1, owner=FREERTOS
2024-09-05 18:49:59,366 [INFO] RtosManager:555 - Registered RTOS mode: class=CMSIS, group=RTOS2, mode=CMSIS_V2, owner=FREERTOS
2024-09-05 18:49:59,366 [INFO] RtosManager:555 - Registered RTOS mode: class=RTOS, group=Core, mode=CMSIS_V1, owner=FREERTOS
2024-09-05 18:49:59,366 [INFO] RtosManager:555 - Registered RTOS mode: class=RTOS, group=Core, mode=CMSIS_V2, owner=FREERTOS
2024-09-05 18:49:59,366 [WARN] ModelIntegratedComponent:184 - Missing modes for component STMicroelectronics:FreeRTOS:0.0.1:STMicroelectronics:RTOS:FreeRTOS:Core:::10.2.0:
2024-09-05 18:49:59,376 [WARN] ModelIntegratedComponent:63 - No mode defined for component null
2024-09-05 18:49:59,376 [WARN] ModelIntegratedComponent:63 - No mode defined for component null
2024-09-05 18:49:59,376 [WARN] ModelIntegratedComponent:63 - No mode defined for component null
2024-09-05 18:49:59,376 [WARN] ModelIntegratedComponent:63 - No mode defined for component null
2024-09-05 18:49:59,376 [WARN] ModelIntegratedComponent:63 - No mode defined for component null
2024-09-05 18:49:59,376 [WARN] ModelIntegratedComponent:63 - No mode defined for component null
2024-09-05 18:49:59,376 [WARN] ModelIntegratedComponent:63 - No mode defined for component null
2024-09-05 18:49:59,376 [WARN] ModelIntegratedComponent:63 - No mode defined for component null
2024-09-05 18:49:59,376 [WARN] ModelIntegratedComponent:63 - No mode defined for component null
2024-09-05 18:49:59,376 [WARN] ModelIntegratedComponent:63 - No mode defined for component null
2024-09-05 18:49:59,376 [WARN] ModelIntegratedComponent:63 - No mode defined for component null
2024-09-05 18:49:59,376 [WARN] ModelIntegratedComponent:63 - No mode defined for component null
2024-09-05 18:49:59,376 [WARN] ModelIntegratedComponent:63 - No mode defined for component null
2024-09-05 18:49:59,376 [WARN] ModelIntegratedComponent:63 - No mode defined for component null
2024-09-05 18:49:59,376 [WARN] ModelIntegratedComponent:63 - No mode defined for component null
2024-09-05 18:49:59,376 [WARN] ModelIntegratedComponent:63 - No mode defined for component null
2024-09-05 18:49:59,376 [WARN] ModelIntegratedComponent:63 - No mode defined for component null
2024-09-05 18:49:59,376 [WARN] ModelIntegratedComponent:63 - No mode defined for component null
2024-09-05 18:49:59,377 [WARN] ModelIntegratedComponent:63 - No mode defined for component null
2024-09-05 18:49:59,377 [WARN] ModelIntegratedComponent:63 - No mode defined for component null
2024-09-05 18:49:59,377 [WARN] ModelIntegratedComponent:63 - No mode defined for component null
2024-09-05 18:49:59,377 [WARN] ModelIntegratedComponent:63 - No mode defined for component null
2024-09-05 18:49:59,377 [WARN] ModelIntegratedComponent:63 - No mode defined for component null
2024-09-05 18:49:59,377 [WARN] ModelIntegratedComponent:63 - No mode defined for component null
2024-09-05 18:49:59,377 [WARN] ModelIntegratedComponent:63 - No mode defined for component null
2024-09-05 18:49:59,377 [WARN] ModelIntegratedComponent:63 - No mode defined for component null
2024-09-05 18:49:59,377 [WARN] ModelIntegratedComponent:63 - No mode defined for component null
2024-09-05 18:49:59,377 [WARN] ModelIntegratedComponent:63 - No mode defined for component null
2024-09-05 18:49:59,377 [WARN] ModelIntegratedComponent:63 - No mode defined for component null
2024-09-05 18:49:59,377 [WARN] ModelIntegratedComponent:63 - No mode defined for component null
2024-09-05 18:49:59,377 [WARN] ModelIntegratedComponent:63 - No mode defined for component null
2024-09-05 18:49:59,378 [WARN] ModelIntegratedComponent:63 - No mode defined for component null
2024-09-05 18:49:59,378 [WARN] ModelIntegratedComponent:63 - No mode defined for component null
2024-09-05 18:49:59,378 [WARN] ModelIntegratedComponent:63 - No mode defined for component null
2024-09-05 18:49:59,436 [INFO] ThirdPartyModel:298 - Start build external matchings
2024-09-05 18:49:59,720 [INFO] ThirdPartyModel:316 - End build external matchings
2024-09-05 18:50:00,041 [INFO] ApiDb:581 - Connected to CubeFinder SQLite database (C:\Users\1miln\.stmcufinder\plugins\mcufinder\mcu\cube-finder-db.db)
2024-09-05 18:50:00,119 [INFO] ApiDb:668 - CubeFinder database Data Model version=2.1
2024-09-05 18:50:00,119 [INFO] ApiDb:669 - CubeFinder database Configuration version=3.0.39
2024-09-05 18:50:00,120 [INFO] ApiDb:670 - CubeFinder database generation date=2024-08-06 (1722941618)
2024-09-05 18:50:00,121 [INFO] ApiDb:671 - CubeFinder database FW Pack versions=[FP-ATR-ASTRA1_V2.0.0, FP-SNS-FLIGHT1_V5.0.2, FP-SNS-MOTENV1_V5.0.0, FP-SNS-MOTENVWB1_V1.4.0, FP-SNS-SMARTAG2_V1.2.0, FP-SNS-STBOX1_V2.0.0, STM32Cube_FW_C0_V1.2.0, STM32Cube_FW_F4_V1.28.0, STM32Cube_FW_F7_V1.17.2, STM32Cube_FW_G0_V1.6.2, STM32Cube_FW_G4_V1.6.0, STM32Cube_FW_H5_V1.3.0, STM32Cube_FW_H7RS_V1.1.0, STM32Cube_FW_H7_V1.11.2, STM32Cube_FW_L0_V1.12.2, STM32Cube_FW_L5_V1.5.1, STM32Cube_FW_U0_V1.1.0, STM32Cube_FW_U5_V1.6.0, STM32Cube_FW_WB0_V1.0.0, STM32Cube_FW_WBA_V1.4.1, STM32Cube_FW_WB_V1.20.0, STM32Cube_FW_WL_V1.3.0, X-CUBE-ALGOBUILD_V1.4.0, X-CUBE-ALS_V1.0.2, X-CUBE-AZRTOS-F4_V1.1.0, X-CUBE-AZRTOS-F7_V1.1.0, X-CUBE-AZRTOS-G0_V1.1.0, X-CUBE-AZRTOS-G4_V2.0.0, X-CUBE-AZRTOS-H7RS_V1.0.0, X-CUBE-AZRTOS-H7_V3.2.0, X-CUBE-AZRTOS-L4_V2.0.0, X-CUBE-AZRTOS-L5_V1.1.0, X-CUBE-AZRTOS-WB_V2.0.0, X-CUBE-AZRTOS-WL_V2.0.0, X-CUBE-BLE1_V7.0.0, X-CUBE-BLE2_V3.3.0, X-CUBE-BLEMGR_V3.1.0, X-CUBE-EEPRMA1_V5.1.0, X-CUBE-FREERTOS_V1.2.0, X-CUBE-GNSS1_V6.0.0, X-CUBE-MEMS1_V10.0.0, X-CUBE-NFC4_V3.0.0, X-CUBE-NFC7_V1.0.1, X-CUBE-SFXS2LP1_V4.0.0, X-CUBE-SUBG2_V5.0.0, X-CUBE-TOF1_V3.4.2]
2024-09-05 18:50:00,237 [INFO] DbBoardsSqlite:226 - include board P-NUCLEO-WB55-NUCLEO as a kit item of type 'Nucleo-64'
2024-09-05 18:50:00,237 [INFO] DbBoardsSqlite:226 - include board P-NUCLEO-WB55-USBDONGLE as a kit item of type 'Nucleo USB Dongle'
2024-09-05 18:50:00,240 [INFO] DbBoardsSqlite:226 - include board STEVAL-IDP005V1 as a kit item of type 'Evaluation Board'
2024-09-05 18:50:00,240 [INFO] DbBoardsSqlite:226 - include board STEVAL-IDP005V2 as a kit item of type 'Evaluation Board'
2024-09-05 18:50:00,626 [INFO] ApiDb:240 - Found 483 in-development CPN: [B-G473E-ZEST1S, B-WB1M-WPAN1, B-WL5M-SUBG1, NUCLEO-C031C6, NUCLEO-H503RB, NUCLEO-H533RE, NUCLEO-H563ZI, NUCLEO-H7S3L8, NUCLEO-U031R8, NUCLEO-U083RC, NUCLEO-U545RE-Q, NUCLEO-U5A5ZJ-Q, NUCLEO-WBA52CG, NUCLEO-WBA55CG, STEVAL-PROTEUS1, STEVAL-SMARTAG2, STEVAL-STWINBX1, STM320518-EVAL, STM32C0116-DK, STM32C011D6Y3TR, STM32C011D6Y6TR, STM32C011F4P3, STM32C011F4P6, STM32C011F4U3, STM32C011F4U6TR, STM32C011F6P3, STM32C011F6P6, STM32C011F6U3, STM32C011F6U6TR, STM32C011J4M3, STM32C011J4M6, STM32C011J6M3, STM32C011J6M6, STM32C0316-DK, STM32C031C4T3, STM32C031C4T6, STM32C031C4U3, STM32C031C4U6, STM32C031C6T3, STM32C031C6T6, STM32C031C6U3, STM32C031C6U6, STM32C031F4P3, STM32C031F4P6, STM32C031F6P3, STM32C031F6P6, STM32C031G4U3, STM32C031G4U6, STM32C031G6U3, STM32C031G6U6, STM32C031K4T3, STM32C031K4T6, STM32C031K4U3, STM32C031K4U6, STM32C031K6T3, STM32C031K6T6, STM32C031K6U3, STM32C031K6U6, STM32G071K8TXN, STM32G071K8UXN, STM32G081GBU6N, STM32G081KBT6N, STM32G081KBUXN, STM32G0B1CCT6N, STM32G0B1KCT6, STM32G0B1NEY6TR, STM32G0B1RCT6N, STM32G0C1CCT6, STM32G0C1CCT6N, STM32G0C1CCU6N, STM32G0C1CET6N, STM32G0C1CEU6N, STM32G0C1KCT6, STM32G0C1NEY6TR, STM32G0C1RCI6N, STM32G0C1RCT6N, STM32G0C1REI6N, STM32G0C1RET6N, STM32G0C1VCI6, STM32G0C1VEI6, STM32G471CCT6, STM32G471CCU6, STM32G471CET3, STM32G471CET6, STM32G471CEU3, STM32G471CEU6, STM32G471MCT6, STM32G471MET3, STM32G471MET6, STM32G471MEY6TR, STM32G471QCT6, STM32G471QET3, STM32G471RCT6, STM32G471RET3, STM32G471RET6, STM32G471VCH6, STM32G471VCI6, STM32G471VCT6, STM32G471VEH3, STM32G471VEH6, STM32G471VEI3, STM32G471VEI6, STM32G471VET3, STM32G471VET6, STM32G474CCT6, STM32H503CBT6, STM32H503CBU6, STM32H503EBY6TR, STM32H503KBU6, STM32H503RBT6, STM32H523CCT6, STM32H523CCU6, STM32H523CET6, STM32H523CEU6, STM32H523HEY6TR, STM32H523RCT6, STM32H523RET6, STM32H523VCI6, STM32H523VCT6, STM32H523VEI6, STM32H523VET6, STM32H523ZCJ6, STM32H523ZCT6, STM32H523ZEJ6, STM32H523ZET6, STM32H533CET6, STM32H533CEU6, STM32H533HEY6TR, STM32H533RET6, STM32H533VEI6, STM32H533VET6, STM32H533ZEJ6, STM32H533ZET6, STM32H562AGI6, STM32H562AII6, STM32H562IGK6, STM32H562IGT6, STM32H562IIK6, STM32H562IIT6, STM32H562RGT6, STM32H562RGV6, STM32H562RIT6, STM32H562RIV6, STM32H562VGT6, STM32H562VIT6, STM32H562ZGT6, STM32H562ZIT6, STM32H563AGI6, STM32H563AII3Q, STM32H563AII6, STM32H563IGK6, STM32H563IGT6, STM32H563IIK3Q, STM32H563IIK6, STM32H563IIT3Q, STM32H563IIT6, STM32H563MIY3QTR, STM32H563RGT6, STM32H563RGV6, STM32H563RIT6, STM32H563RIV6, STM32H563VGT6, STM32H563VIT3Q, STM32H563VIT6, STM32H563ZGT6, STM32H563ZIT3Q, STM32H563ZIT6, STM32H573AII3Q, STM32H573AII6, STM32H573I-DK, STM32H573IIK3Q, STM32H573IIK6, STM32H573IIT3Q, STM32H573IIT6, STM32H573MIY3QTR, STM32H573RIT6, STM32H573RIV6, STM32H573VIT3Q, STM32H573VIT6, STM32H573ZIT3Q, STM32H573ZIT6, STM32H7R3A8I6, STM32H7R3I8K6, STM32H7R3I8T6, STM32H7R3L8H6, STM32H7R3L8H6H, STM32H7R3R8V6, STM32H7R3V8H6, STM32H7R3V8T6, STM32H7R3V8Y6, STM32H7R3Z8J6, STM32H7R3Z8T6, STM32H7R7A8I6, STM32H7R7I8K6, STM32H7R7I8T6, STM32H7R7L8H6, STM32H7R7L8H6H, STM32H7R7Z8J6, STM32H7S3A8I6, STM32H7S3I8K6, STM32H7S3I8T6, STM32H7S3L8H6, STM32H7S3L8H6H, STM32H7S3R8V6, STM32H7S3V8H6, STM32H7S3V8T6, STM32H7S3V8Y6, STM32H7S3Z8J6, STM32H7S3Z8T6, STM32H7S78-DK, STM32H7S7A8I6, STM32H7S7I8K6, STM32H7S7I8T6, STM32H7S7L8H6, STM32H7S7L8H6H, STM32H7S7Z8J6, STM32L4R5QGI6STR, STM32MP131AAE3, STM32MP131AAF3, STM32MP131AAG3, STM32MP131CAE3, STM32MP131CAF3, STM32MP131CAG3, STM32MP131DAE7, STM32MP131DAF7, STM32MP131DAG7, STM32MP131FAE7, STM32MP131FAF7, STM32MP131FAG7, STM32MP133AAE3, STM32MP133AAF3, STM32MP133AAG3, STM32MP133CAE3, STM32MP133CAF3, STM32MP133CAG3, STM32MP133DAE7, STM32MP133DAF7, STM32MP133DAG7, STM32MP133FAE7, STM32MP133FAF7, STM32MP133FAG7, STM32MP135AAE3, STM32MP135AAF3, STM32MP135AAG3, STM32MP135CAE3, STM32MP135CAF3, STM32MP135CAG3, STM32MP135DAE7, STM32MP135DAF7, STM32MP135DAG7, STM32MP135F-DK, STM32MP135FAE7, STM32MP135FAF7, STM32MP135FAF7T, STM32MP135FAF7U, STM32MP135FAG7, STM32U031C6T6, STM32U031C6U6, STM32U031C8T6, STM32U031C8U6, STM32U031F4P6, STM32U031F6P6, STM32U031F8P6, STM32U031G6Y6TR, STM32U031G8Y6TR, STM32U031K4U6, STM32U031K6U6, STM32U031K8U6, STM32U031R6I6, STM32U031R6T6, STM32U031R8I6, STM32U031R8T6, STM32U073C8T6, STM32U073C8U6, STM32U073CBT6, STM32U073CBU6, STM32U073CCT6, STM32U073CCU6, STM32U073H8Y6TR, STM32U073HBY6TR, STM32U073HCY6TR, STM32U073K8U6, STM32U073KBU6, STM32U073KCU6, STM32U073M8I6, STM32U073M8T6, STM32U073MBI6, STM32U073MBT6, STM32U073MCI6, STM32U073MCT6, STM32U073R8I6, STM32U073R8T6, STM32U073RBI6, STM32U073RBT6, STM32U073RCI6, STM32U073RCT6, STM32U083C-DK, STM32U083CCT6, STM32U083CCU6, STM32U083HCY6TR, STM32U083KCU6, STM32U083MCI6, STM32U083MCT6, STM32U083RCI6, STM32U083RCT6, STM32U535CBT6, STM32U535CBT6Q, STM32U535CBU6, STM32U535CBU6Q, STM32U535CCT6, STM32U535CCT6Q, STM32U535CCU6, STM32U535CCU6Q, STM32U535CET6, STM32U535CET6Q, STM32U535CEU6, STM32U535CEU6Q, STM32U535JEY6QTR, STM32U535NCY6QTR, STM32U535NEY6QTR, STM32U535RBI6, STM32U535RBI6Q, STM32U535RBT6, STM32U535RBT6Q, STM32U535RCI6, STM32U535RCI6Q, STM32U535RCT6, STM32U535RCT6Q, STM32U535REI6, STM32U535REI6Q, STM32U535RET6, STM32U535RET6Q, STM32U535VCI6, STM32U535VCI6Q, STM32U535VCT6, STM32U535VCT6Q, STM32U535VEI6, STM32U535VEI6Q, STM32U535VET6, STM32U535VET6Q, STM32U545CET6, STM32U545CET6Q, STM32U545CEU6, STM32U545CEU6Q, STM32U545JEY6QTR, STM32U545NEY6QTR, STM32U545REI6, STM32U545REI6Q, STM32U545RET6, STM32U545RET6Q, STM32U545VEI6, STM32U545VEI6Q, STM32U545VET6, STM32U545VET6Q, STM32U595AIH6, STM32U595AIH6Q, STM32U595AJH6, STM32U595AJH6Q, STM32U595QII6, STM32U595QII6Q, STM32U595QJI6, STM32U595QJI6Q, STM32U595RIT6, STM32U595RIT6Q, STM32U595RJT6, STM32U595RJT6Q, STM32U595VIT6, STM32U595VIT6Q, STM32U595VJT6, STM32U595VJT6Q, STM32U595ZIT6, STM32U595ZIT6Q, STM32U595ZIY6QTR, STM32U595ZJT6, STM32U595ZJT6Q, STM32U595ZJY6QTR, STM32U599BJY6QTR, STM32U599NIH6Q, STM32U599NJH6Q, STM32U599VIT6Q, STM32U599VJT6, STM32U599VJT6Q, STM32U599ZIT6Q, STM32U599ZIY6QTR, STM32U599ZJT6Q, STM32U599ZJY6QTR, STM32U5A5AJH6, STM32U5A5AJH6Q, STM32U5A5QII3Q , STM32U5A5QJI6, STM32U5A5QJI6Q, STM32U5A5RJT6, STM32U5A5RJT6Q, STM32U5A5VJT6, STM32U5A5VJT6Q, STM32U5A5ZJT6, STM32U5A5ZJT6Q, STM32U5A5ZJY6QTR, STM32U5A9BJY6QTR, STM32U5A9J-DK, STM32U5A9NJH6Q, STM32U5A9VJT6Q, STM32U5A9ZJT6Q, STM32U5A9ZJY6QTR, STM32U5F7VIT6, STM32U5F7VIT6Q, STM32U5F7VJT6, STM32U5F7VJT6Q, STM32U5F9BJY6QTR, STM32U5F9NJH6Q, STM32U5F9VIT6Q, STM32U5F9VJT6Q, STM32U5F9ZIJ6QTR, STM32U5F9ZIT6Q, STM32U5F9ZJJ6QTR, STM32U5F9ZJT6Q, STM32U5G7VJT6, STM32U5G7VJT6Q, STM32U5G9BJY6QTR, STM32U5G9J-DK1, STM32U5G9J-DK2, STM32U5G9NJH6Q, STM32U5G9VJT6Q, STM32U5G9ZJJ6QTR, STM32U5G9ZJT6Q, STM32WB1MMCH6, STM32WBA50KEU6, STM32WBA50KEU6TR, STM32WBA50KGU6, STM32WBA50KGU6TR, STM32WBA52CEU6, STM32WBA52CEU6TR, STM32WBA52CEU7, STM32WBA52CEU7TR, STM32WBA52CGU6, STM32WBA52CGU6TR, STM32WBA52CGU6U, STM32WBA52CGU7, STM32WBA52CGU7TR, STM32WBA52KEU6, STM32WBA52KEU6TR, STM32WBA52KGU6, STM32WBA52KGU6TR, STM32WBA54CEU6, STM32WBA54CEU6TR, STM32WBA54CEU7, STM32WBA54CEU7TR, STM32WBA54CGU6, STM32WBA54CGU6TR, STM32WBA54CGU7, STM32WBA54CGU7TR, STM32WBA54KEU6, STM32WBA54KEU6TR, STM32WBA54KEU7, STM32WBA54KEU7TR, STM32WBA54KGU6, STM32WBA54KGU6TR, STM32WBA54KGU7, STM32WBA54KGU7TR, STM32WBA55CEU6, STM32WBA55CEU6TR, STM32WBA55CEU7, STM32WBA55CEU7TR, STM32WBA55CGU6, STM32WBA55CGU6TR, STM32WBA55CGU6U, STM32WBA55CGU7, STM32WBA55CGU7TR, STM32WBA55G-DK1, STM32WBA55HEF6, STM32WBA55HEF7, STM32WBA55HGF6, STM32WBA55HGF7, STM32WBA55UEI6, STM32WBA55UEI6TR, STM32WBA55UEI7, STM32WBA55UEI7TR, STM32WBA55UGI6, STM32WBA55UGI6TR, STM32WBA55UGI7, STM32WBA55UGI7TR, STM32WL5MOCH6, STM32WL5MOCH6TR]
2024-09-05 18:50:00,628 [INFO] ApiDb:668 - CubeFinder database Data Model version=2.1
2024-09-05 18:50:00,628 [INFO] ApiDb:669 - CubeFinder database Configuration version=3.0.39
2024-09-05 18:50:00,628 [INFO] ApiDb:670 - CubeFinder database generation date=2024-08-06 (1722941618)
2024-09-05 18:50:00,628 [INFO] ApiDb:671 - CubeFinder database FW Pack versions=[FP-ATR-ASTRA1_V2.0.0, FP-SNS-FLIGHT1_V5.0.2, FP-SNS-MOTENV1_V5.0.0, FP-SNS-MOTENVWB1_V1.4.0, FP-SNS-SMARTAG2_V1.2.0, FP-SNS-STBOX1_V2.0.0, STM32Cube_FW_C0_V1.2.0, STM32Cube_FW_F4_V1.28.0, STM32Cube_FW_F7_V1.17.2, STM32Cube_FW_G0_V1.6.2, STM32Cube_FW_G4_V1.6.0, STM32Cube_FW_H5_V1.3.0, STM32Cube_FW_H7RS_V1.1.0, STM32Cube_FW_H7_V1.11.2, STM32Cube_FW_L0_V1.12.2, STM32Cube_FW_L5_V1.5.1, STM32Cube_FW_U0_V1.1.0, STM32Cube_FW_U5_V1.6.0, STM32Cube_FW_WB0_V1.0.0, STM32Cube_FW_WBA_V1.4.1, STM32Cube_FW_WB_V1.20.0, STM32Cube_FW_WL_V1.3.0, X-CUBE-ALGOBUILD_V1.4.0, X-CUBE-ALS_V1.0.2, X-CUBE-AZRTOS-F4_V1.1.0, X-CUBE-AZRTOS-F7_V1.1.0, X-CUBE-AZRTOS-G0_V1.1.0, X-CUBE-AZRTOS-G4_V2.0.0, X-CUBE-AZRTOS-H7RS_V1.0.0, X-CUBE-AZRTOS-H7_V3.2.0, X-CUBE-AZRTOS-L4_V2.0.0, X-CUBE-AZRTOS-L5_V1.1.0, X-CUBE-AZRTOS-WB_V2.0.0, X-CUBE-AZRTOS-WL_V2.0.0, X-CUBE-BLE1_V7.0.0, X-CUBE-BLE2_V3.3.0, X-CUBE-BLEMGR_V3.1.0, X-CUBE-EEPRMA1_V5.1.0, X-CUBE-FREERTOS_V1.2.0, X-CUBE-GNSS1_V6.0.0, X-CUBE-MEMS1_V10.0.0, X-CUBE-NFC4_V3.0.0, X-CUBE-NFC7_V1.0.1, X-CUBE-SFXS2LP1_V4.0.0, X-CUBE-SUBG2_V5.0.0, X-CUBE-TOF1_V3.4.2]
2024-09-05 18:50:02,023 [INFO] ApiDb:240 - Found 483 in-development CPN: [B-G473E-ZEST1S, B-WB1M-WPAN1, B-WL5M-SUBG1, NUCLEO-C031C6, NUCLEO-H503RB, NUCLEO-H533RE, NUCLEO-H563ZI, NUCLEO-H7S3L8, NUCLEO-U031R8, NUCLEO-U083RC, NUCLEO-U545RE-Q, NUCLEO-U5A5ZJ-Q, NUCLEO-WBA52CG, NUCLEO-WBA55CG, STEVAL-PROTEUS1, STEVAL-SMARTAG2, STEVAL-STWINBX1, STM320518-EVAL, STM32C0116-DK, STM32C011D6Y3TR, STM32C011D6Y6TR, STM32C011F4P3, STM32C011F4P6, STM32C011F4U3, STM32C011F4U6TR, STM32C011F6P3, STM32C011F6P6, STM32C011F6U3, STM32C011F6U6TR, STM32C011J4M3, STM32C011J4M6, STM32C011J6M3, STM32C011J6M6, STM32C0316-DK, STM32C031C4T3, STM32C031C4T6, STM32C031C4U3, STM32C031C4U6, STM32C031C6T3, STM32C031C6T6, STM32C031C6U3, STM32C031C6U6, STM32C031F4P3, STM32C031F4P6, STM32C031F6P3, STM32C031F6P6, STM32C031G4U3, STM32C031G4U6, STM32C031G6U3, STM32C031G6U6, STM32C031K4T3, STM32C031K4T6, STM32C031K4U3, STM32C031K4U6, STM32C031K6T3, STM32C031K6T6, STM32C031K6U3, STM32C031K6U6, STM32G071K8TXN, STM32G071K8UXN, STM32G081GBU6N, STM32G081KBT6N, STM32G081KBUXN, STM32G0B1CCT6N, STM32G0B1KCT6, STM32G0B1NEY6TR, STM32G0B1RCT6N, STM32G0C1CCT6, STM32G0C1CCT6N, STM32G0C1CCU6N, STM32G0C1CET6N, STM32G0C1CEU6N, STM32G0C1KCT6, STM32G0C1NEY6TR, STM32G0C1RCI6N, STM32G0C1RCT6N, STM32G0C1REI6N, STM32G0C1RET6N, STM32G0C1VCI6, STM32G0C1VEI6, STM32G471CCT6, STM32G471CCU6, STM32G471CET3, STM32G471CET6, STM32G471CEU3, STM32G471CEU6, STM32G471MCT6, STM32G471MET3, STM32G471MET6, STM32G471MEY6TR, STM32G471QCT6, STM32G471QET3, STM32G471RCT6, STM32G471RET3, STM32G471RET6, STM32G471VCH6, STM32G471VCI6, STM32G471VCT6, STM32G471VEH3, STM32G471VEH6, STM32G471VEI3, STM32G471VEI6, STM32G471VET3, STM32G471VET6, STM32G474CCT6, STM32H503CBT6, STM32H503CBU6, STM32H503EBY6TR, STM32H503KBU6, STM32H503RBT6, STM32H523CCT6, STM32H523CCU6, STM32H523CET6, STM32H523CEU6, STM32H523HEY6TR, STM32H523RCT6, STM32H523RET6, STM32H523VCI6, STM32H523VCT6, STM32H523VEI6, STM32H523VET6, STM32H523ZCJ6, STM32H523ZCT6, STM32H523ZEJ6, STM32H523ZET6, STM32H533CET6, STM32H533CEU6, STM32H533HEY6TR, STM32H533RET6, STM32H533VEI6, STM32H533VET6, STM32H533ZEJ6, STM32H533ZET6, STM32H562AGI6, STM32H562AII6, STM32H562IGK6, STM32H562IGT6, STM32H562IIK6, STM32H562IIT6, STM32H562RGT6, STM32H562RGV6, STM32H562RIT6, STM32H562RIV6, STM32H562VGT6, STM32H562VIT6, STM32H562ZGT6, STM32H562ZIT6, STM32H563AGI6, STM32H563AII3Q, STM32H563AII6, STM32H563IGK6, STM32H563IGT6, STM32H563IIK3Q, STM32H563IIK6, STM32H563IIT3Q, STM32H563IIT6, STM32H563MIY3QTR, STM32H563RGT6, STM32H563RGV6, STM32H563RIT6, STM32H563RIV6, STM32H563VGT6, STM32H563VIT3Q, STM32H563VIT6, STM32H563ZGT6, STM32H563ZIT3Q, STM32H563ZIT6, STM32H573AII3Q, STM32H573AII6, STM32H573I-DK, STM32H573IIK3Q, STM32H573IIK6, STM32H573IIT3Q, STM32H573IIT6, STM32H573MIY3QTR, STM32H573RIT6, STM32H573RIV6, STM32H573VIT3Q, STM32H573VIT6, STM32H573ZIT3Q, STM32H573ZIT6, STM32H7R3A8I6, STM32H7R3I8K6, STM32H7R3I8T6, STM32H7R3L8H6, STM32H7R3L8H6H, STM32H7R3R8V6, STM32H7R3V8H6, STM32H7R3V8T6, STM32H7R3V8Y6, STM32H7R3Z8J6, STM32H7R3Z8T6, STM32H7R7A8I6, STM32H7R7I8K6, STM32H7R7I8T6, STM32H7R7L8H6, STM32H7R7L8H6H, STM32H7R7Z8J6, STM32H7S3A8I6, STM32H7S3I8K6, STM32H7S3I8T6, STM32H7S3L8H6, STM32H7S3L8H6H, STM32H7S3R8V6, STM32H7S3V8H6, STM32H7S3V8T6, STM32H7S3V8Y6, STM32H7S3Z8J6, STM32H7S3Z8T6, STM32H7S78-DK, STM32H7S7A8I6, STM32H7S7I8K6, STM32H7S7I8T6, STM32H7S7L8H6, STM32H7S7L8H6H, STM32H7S7Z8J6, STM32L4R5QGI6STR, STM32MP131AAE3, STM32MP131AAF3, STM32MP131AAG3, STM32MP131CAE3, STM32MP131CAF3, STM32MP131CAG3, STM32MP131DAE7, STM32MP131DAF7, STM32MP131DAG7, STM32MP131FAE7, STM32MP131FAF7, STM32MP131FAG7, STM32MP133AAE3, STM32MP133AAF3, STM32MP133AAG3, STM32MP133CAE3, STM32MP133CAF3, STM32MP133CAG3, STM32MP133DAE7, STM32MP133DAF7, STM32MP133DAG7, STM32MP133FAE7, STM32MP133FAF7, STM32MP133FAG7, STM32MP135AAE3, STM32MP135AAF3, STM32MP135AAG3, STM32MP135CAE3, STM32MP135CAF3, STM32MP135CAG3, STM32MP135DAE7, STM32MP135DAF7, STM32MP135DAG7, STM32MP135F-DK, STM32MP135FAE7, STM32MP135FAF7, STM32MP135FAF7T, STM32MP135FAF7U, STM32MP135FAG7, STM32U031C6T6, STM32U031C6U6, STM32U031C8T6, STM32U031C8U6, STM32U031F4P6, STM32U031F6P6, STM32U031F8P6, STM32U031G6Y6TR, STM32U031G8Y6TR, STM32U031K4U6, STM32U031K6U6, STM32U031K8U6, STM32U031R6I6, STM32U031R6T6, STM32U031R8I6, STM32U031R8T6, STM32U073C8T6, STM32U073C8U6, STM32U073CBT6, STM32U073CBU6, STM32U073CCT6, STM32U073CCU6, STM32U073H8Y6TR, STM32U073HBY6TR, STM32U073HCY6TR, STM32U073K8U6, STM32U073KBU6, STM32U073KCU6, STM32U073M8I6, STM32U073M8T6, STM32U073MBI6, STM32U073MBT6, STM32U073MCI6, STM32U073MCT6, STM32U073R8I6, STM32U073R8T6, STM32U073RBI6, STM32U073RBT6, STM32U073RCI6, STM32U073RCT6, STM32U083C-DK, STM32U083CCT6, STM32U083CCU6, STM32U083HCY6TR, STM32U083KCU6, STM32U083MCI6, STM32U083MCT6, STM32U083RCI6, STM32U083RCT6, STM32U535CBT6, STM32U535CBT6Q, STM32U535CBU6, STM32U535CBU6Q, STM32U535CCT6, STM32U535CCT6Q, STM32U535CCU6, STM32U535CCU6Q, STM32U535CET6, STM32U535CET6Q, STM32U535CEU6, STM32U535CEU6Q, STM32U535JEY6QTR, STM32U535NCY6QTR, STM32U535NEY6QTR, STM32U535RBI6, STM32U535RBI6Q, STM32U535RBT6, STM32U535RBT6Q, STM32U535RCI6, STM32U535RCI6Q, STM32U535RCT6, STM32U535RCT6Q, STM32U535REI6, STM32U535REI6Q, STM32U535RET6, STM32U535RET6Q, STM32U535VCI6, STM32U535VCI6Q, STM32U535VCT6, STM32U535VCT6Q, STM32U535VEI6, STM32U535VEI6Q, STM32U535VET6, STM32U535VET6Q, STM32U545CET6, STM32U545CET6Q, STM32U545CEU6, STM32U545CEU6Q, STM32U545JEY6QTR, STM32U545NEY6QTR, STM32U545REI6, STM32U545REI6Q, STM32U545RET6, STM32U545RET6Q, STM32U545VEI6, STM32U545VEI6Q, STM32U545VET6, STM32U545VET6Q, STM32U595AIH6, STM32U595AIH6Q, STM32U595AJH6, STM32U595AJH6Q, STM32U595QII6, STM32U595QII6Q, STM32U595QJI6, STM32U595QJI6Q, STM32U595RIT6, STM32U595RIT6Q, STM32U595RJT6, STM32U595RJT6Q, STM32U595VIT6, STM32U595VIT6Q, STM32U595VJT6, STM32U595VJT6Q, STM32U595ZIT6, STM32U595ZIT6Q, STM32U595ZIY6QTR, STM32U595ZJT6, STM32U595ZJT6Q, STM32U595ZJY6QTR, STM32U599BJY6QTR, STM32U599NIH6Q, STM32U599NJH6Q, STM32U599VIT6Q, STM32U599VJT6, STM32U599VJT6Q, STM32U599ZIT6Q, STM32U599ZIY6QTR, STM32U599ZJT6Q, STM32U599ZJY6QTR, STM32U5A5AJH6, STM32U5A5AJH6Q, STM32U5A5QII3Q , STM32U5A5QJI6, STM32U5A5QJI6Q, STM32U5A5RJT6, STM32U5A5RJT6Q, STM32U5A5VJT6, STM32U5A5VJT6Q, STM32U5A5ZJT6, STM32U5A5ZJT6Q, STM32U5A5ZJY6QTR, STM32U5A9BJY6QTR, STM32U5A9J-DK, STM32U5A9NJH6Q, STM32U5A9VJT6Q, STM32U5A9ZJT6Q, STM32U5A9ZJY6QTR, STM32U5F7VIT6, STM32U5F7VIT6Q, STM32U5F7VJT6, STM32U5F7VJT6Q, STM32U5F9BJY6QTR, STM32U5F9NJH6Q, STM32U5F9VIT6Q, STM32U5F9VJT6Q, STM32U5F9ZIJ6QTR, STM32U5F9ZIT6Q, STM32U5F9ZJJ6QTR, STM32U5F9ZJT6Q, STM32U5G7VJT6, STM32U5G7VJT6Q, STM32U5G9BJY6QTR, STM32U5G9J-DK1, STM32U5G9J-DK2, STM32U5G9NJH6Q, STM32U5G9VJT6Q, STM32U5G9ZJJ6QTR, STM32U5G9ZJT6Q, STM32WB1MMCH6, STM32WBA50KEU6, STM32WBA50KEU6TR, STM32WBA50KGU6, STM32WBA50KGU6TR, STM32WBA52CEU6, STM32WBA52CEU6TR, STM32WBA52CEU7, STM32WBA52CEU7TR, STM32WBA52CGU6, STM32WBA52CGU6TR, STM32WBA52CGU6U, STM32WBA52CGU7, STM32WBA52CGU7TR, STM32WBA52KEU6, STM32WBA52KEU6TR, STM32WBA52KGU6, STM32WBA52KGU6TR, STM32WBA54CEU6, STM32WBA54CEU6TR, STM32WBA54CEU7, STM32WBA54CEU7TR, STM32WBA54CGU6, STM32WBA54CGU6TR, STM32WBA54CGU7, STM32WBA54CGU7TR, STM32WBA54KEU6, STM32WBA54KEU6TR, STM32WBA54KEU7, STM32WBA54KEU7TR, STM32WBA54KGU6, STM32WBA54KGU6TR, STM32WBA54KGU7, STM32WBA54KGU7TR, STM32WBA55CEU6, STM32WBA55CEU6TR, STM32WBA55CEU7, STM32WBA55CEU7TR, STM32WBA55CGU6, STM32WBA55CGU6TR, STM32WBA55CGU6U, STM32WBA55CGU7, STM32WBA55CGU7TR, STM32WBA55G-DK1, STM32WBA55HEF6, STM32WBA55HEF7, STM32WBA55HGF6, STM32WBA55HGF7, STM32WBA55UEI6, STM32WBA55UEI6TR, STM32WBA55UEI7, STM32WBA55UEI7TR, STM32WBA55UGI6, STM32WBA55UGI6TR, STM32WBA55UGI7, STM32WBA55UGI7TR, STM32WL5MOCH6, STM32WL5MOCH6TR]
2024-09-05 18:50:02,026 [INFO] DbMcus:218 - Found 4203 MCUs, 4203 are supported
2024-09-05 18:50:02,031 [INFO] ApiDb:423 - Load user favorites file C:\Users\1miln/.stm32cubeide/favorites.mcus.txt: 1 item(s)
2024-09-05 18:50:02,031 [INFO] ApiDb:427 - User favorites MCUs=[STM32F303CBT6]
2024-09-05 18:50:02,031 [INFO] DbMcus:224 - Set 1 / 1 favorites MCUs
2024-09-05 18:50:02,308 [INFO] BoardInfo:889 - No configuration file found for board NUCLEO-WB05KZ
2024-09-05 18:50:02,308 [INFO] DbBoards:161 - Board is not supported: NUCLEO-WB05KZ
2024-09-05 18:50:02,308 [INFO] BoardInfo:889 - No configuration file found for board NUCLEO-WB07CC
2024-09-05 18:50:02,310 [INFO] DbBoards:161 - Board is not supported: NUCLEO-WB07CC
2024-09-05 18:50:02,310 [INFO] BoardInfo:889 - No configuration file found for board NUCLEO-WB09KE
2024-09-05 18:50:02,311 [INFO] DbBoards:161 - Board is not supported: NUCLEO-WB09KE
2024-09-05 18:50:02,318 [INFO] BoardInfo:889 - No configuration file found for board P-NUCLEO-WB55
2024-09-05 18:50:02,319 [INFO] DbBoards:161 - Kit is not supported: P-NUCLEO-WB55
2024-09-05 18:50:02,322 [INFO] BoardInfo:889 - No configuration file found for board STEVAL-BFA001V1B
2024-09-05 18:50:02,322 [INFO] DbBoards:161 - Kit is not supported: STEVAL-BFA001V1B
2024-09-05 18:50:02,323 [INFO] BoardInfo:889 - No configuration file found for board STEVAL-BFA001V2B
2024-09-05 18:50:02,323 [INFO] DbBoards:161 - Kit is not supported: STEVAL-BFA001V2B
2024-09-05 18:50:02,405 [INFO] BoardInfo:889 - No configuration file found for board STM32MP257F-DK
2024-09-05 18:50:02,406 [INFO] DbBoards:161 - Board is not supported: STM32MP257F-DK
2024-09-05 18:50:02,406 [INFO] BoardInfo:889 - No configuration file found for board STM32MP257F-EV1
2024-09-05 18:50:02,407 [INFO] DbBoards:161 - Board is not supported: STM32MP257F-EV1
2024-09-05 18:50:02,414 [INFO] DbBoards:168 - Found 200 boards, 192 are supported
2024-09-05 18:50:02,414 [INFO] DbBoards:169 - Found 200 boards, 8 of them is supported for  Bsp
2024-09-05 18:50:02,427 [INFO] ApiDb:423 - Load user favorites file C:\Users\1miln/.stm32cubeide/favorites.boards.txt: 1 item(s)
2024-09-05 18:50:02,427 [INFO] ApiDb:427 - User favorites Boards=[NUCLEO-F401RE]
2024-09-05 18:50:02,427 [INFO] DbBoards:198 - Set 1 / 1 favorites Boards
2024-09-05 18:50:02,496 [INFO] UtilMem:75 - End LoadConfig() Used Memory: 836444592 Bytes (1073741824)
2024-09-05 18:50:02,620 [WARN] ThirdParty:833 - waiting for thirdparty lock release [change project]
2024-09-05 18:50:02,620 [INFO] ThirdParty:835 - entering critical section [change project]
2024-09-05 18:50:02,620 [INFO] ThirdParty:1030 - CMSIS Pack Vendor :STMicroelectronics USBPD 4.1
2024-09-05 18:50:02,620 [INFO] ThirdParty:1030 - CMSIS Pack Vendor :STMicroelectronics X-CUBE-AZRTOS-H7 3.3.0
2024-09-05 18:50:02,621 [INFO] ThirdParty:1030 - CMSIS Pack Vendor :STMicroelectronics X-CUBE-GNSS1 6.0.0
2024-09-05 18:50:02,621 [INFO] ThirdParty:1030 - CMSIS Pack Vendor :STMicroelectronics USB_HOST 2.0.0
2024-09-05 18:50:02,621 [INFO] ThirdParty:1030 - CMSIS Pack Vendor :STMicroelectronics FP-SNS-MOTENVWB1 1.4.0
2024-09-05 18:50:02,621 [INFO] ThirdParty:1030 - CMSIS Pack Vendor :STMicroelectronics X-CUBE-AZRTOS-F4 1.1.0
2024-09-05 18:50:02,621 [INFO] ThirdParty:1030 - CMSIS Pack Vendor :STMicroelectronics LIBJPEG 8.0.0
2024-09-05 18:50:02,621 [INFO] ThirdParty:1030 - CMSIS Pack Vendor :STMicroelectronics X-CUBE-SMBUS 2.1.0
2024-09-05 18:50:02,621 [INFO] ThirdParty:1030 - CMSIS Pack Vendor :STMicroelectronics USB_DEVICE 3.0.0
2024-09-05 18:50:02,621 [INFO] ThirdParty:1030 - CMSIS Pack Vendor :STMicroelectronics X-CUBE-TCPP 4.1.0
2024-09-05 18:50:02,621 [INFO] ThirdParty:1030 - CMSIS Pack Vendor :STMicroelectronics X-CUBE-FREERTOS 1.2.0
2024-09-05 18:50:02,621 [INFO] ThirdParty:1030 - CMSIS Pack Vendor :STMicroelectronics X-CUBE-AZRTOS-WB 2.0.0
2024-09-05 18:50:02,621 [INFO] ThirdParty:1030 - CMSIS Pack Vendor :STMicroelectronics X-CUBE-AZRTOS-F7 1.1.0
2024-09-05 18:50:02,621 [INFO] ThirdParty:1030 - CMSIS Pack Vendor :STMicroelectronics X-CUBE-AZRTOS-L5 2.0.0
2024-09-05 18:50:02,621 [INFO] ThirdParty:1030 - CMSIS Pack Vendor :STMicroelectronics USB_DEVICE 2.0.0
2024-09-05 18:50:02,621 [INFO] ThirdParty:1030 - CMSIS Pack Vendor :STMicroelectronics X-CUBE-NFC6 3.1.0
2024-09-05 18:50:02,621 [INFO] ThirdParty:1030 - CMSIS Pack Vendor :STMicroelectronics FP-SNS-STBOX1 2.0.0
2024-09-05 18:50:02,621 [INFO] ThirdParty:1030 - CMSIS Pack Vendor :STMicroelectronics X-CUBE-MEMS1 11.0.0
2024-09-05 18:50:02,621 [INFO] ThirdParty:1030 - CMSIS Pack Vendor :STMicroelectronics FreeRTOS 0.0.1
2024-09-05 18:50:02,621 [INFO] ThirdParty:1030 - CMSIS Pack Vendor :STMicroelectronics X-CUBE-AZRTOS-G0 1.1.0
2024-09-05 18:50:02,621 [INFO] ThirdParty:1030 - CMSIS Pack Vendor :STMicroelectronics X-CUBE-SAFEA1 1.2.2
2024-09-05 18:50:02,621 [INFO] ThirdParty:1030 - CMSIS Pack Vendor :STMicroelectronics X-CUBE-NFC4 3.0.0
2024-09-05 18:50:02,621 [INFO] ThirdParty:1030 - CMSIS Pack Vendor :STMicroelectronics X-CUBE-DPower 1.2.0
2024-09-05 18:50:02,621 [INFO] ThirdParty:1030 - CMSIS Pack Vendor :STMicroelectronics X-CUBE-SUBG2 5.0.0
2024-09-05 18:50:02,621 [INFO] ThirdParty:1030 - CMSIS Pack Vendor :STMicroelectronics STM32_WPAN 1.0.0
2024-09-05 18:50:02,621 [INFO] ThirdParty:1030 - CMSIS Pack Vendor :EmbeddedOffice I-CUBE-FS-RTOS 1.0.1
2024-09-05 18:50:02,621 [INFO] ThirdParty:1030 - CMSIS Pack Vendor :STMicroelectronics lwIP 2.0.3
2024-09-05 18:50:02,621 [INFO] ThirdParty:1030 - CMSIS Pack Vendor :STMicroelectronics FP-SNS-FLIGHT1 5.0.2
2024-09-05 18:50:02,621 [INFO] ThirdParty:1030 - CMSIS Pack Vendor :Cesanta I-CUBE-Mongoose 7.13.0
2024-09-05 18:50:02,621 [INFO] ThirdParty:1030 - CMSIS Pack Vendor :STMicroelectronics USB_HOST 1.0.0
2024-09-05 18:50:02,621 [INFO] ThirdParty:1030 - CMSIS Pack Vendor :STMicroelectronics X-CUBE-AI 9.0.0
2024-09-05 18:50:02,621 [INFO] ThirdParty:1030 - CMSIS Pack Vendor :STMicroelectronics X-CUBE-AZRTOS-G4 2.0.0
2024-09-05 18:50:02,621 [INFO] ThirdParty:1030 - CMSIS Pack Vendor :STMicroelectronics PDM2PCM 3.1.0
2024-09-05 18:50:02,621 [INFO] ThirdParty:1030 - CMSIS Pack Vendor :STMicroelectronics PDM2PCM 3.3.0
2024-09-05 18:50:02,621 [INFO] ThirdParty:1030 - CMSIS Pack Vendor :STMicroelectronics X-CUBE-DISPLAY 3.0.0
2024-09-05 18:50:02,621 [INFO] ThirdParty:1030 - CMSIS Pack Vendor :RealThread X-CUBE-RT-Thread_Nano 4.1.1
2024-09-05 18:50:02,621 [INFO] ThirdParty:1030 - CMSIS Pack Vendor :wolfSSL I-CUBE-wolfSSL 5.7.0
2024-09-05 18:50:02,621 [INFO] ThirdParty:1030 - CMSIS Pack Vendor :STMicroelectronics X-CUBE-BLE1 7.0.0
2024-09-05 18:50:02,621 [INFO] ThirdParty:1030 - CMSIS Pack Vendor :STMicroelectronics FP-ATR-SIGFOX1 3.2.0
2024-09-05 18:50:02,621 [INFO] ThirdParty:1030 - CMSIS Pack Vendor :STMicroelectronics X-CUBE-ISPU 2.0.0
2024-09-05 18:50:02,621 [INFO] ThirdParty:1030 - CMSIS Pack Vendor :STMicroelectronics X-CUBE-EEPRMA1 5.1.0
2024-09-05 18:50:02,621 [INFO] ThirdParty:1030 - CMSIS Pack Vendor :STMicroelectronics HAL Drivers 0.0.0
2024-09-05 18:50:02,621 [INFO] ThirdParty:1030 - CMSIS Pack Vendor :STMicroelectronics MBEDTLS 2.16.2
2024-09-05 18:50:02,621 [INFO] ThirdParty:1030 - CMSIS Pack Vendor :STMicroelectronics X-CUBE-ALS 1.0.2
2024-09-05 18:50:02,621 [INFO] ThirdParty:1030 - CMSIS Pack Vendor :emotas I-CUBE-CANOPEN 1.3.0
2024-09-05 18:50:02,621 [INFO] ThirdParty:1030 - CMSIS Pack Vendor :STMicroelectronics X-CUBE-MEMS1 10.0.0
2024-09-05 18:50:02,621 [INFO] ThirdParty:1030 - CMSIS Pack Vendor :STMicroelectronics X-CUBE-NFC7 1.0.1
2024-09-05 18:50:02,621 [INFO] ThirdParty:1030 - CMSIS Pack Vendor :STMicroelectronics MBEDTLS 2.14.1
2024-09-05 18:50:02,621 [INFO] ThirdParty:1030 - CMSIS Pack Vendor :STMicroelectronics X-CUBE-TOUCHGFX 4.24.0
2024-09-05 18:50:02,621 [INFO] ThirdParty:1030 - CMSIS Pack Vendor :ITTIA_DB I-CUBE-ITTIADB 8.9.0
2024-09-05 18:50:02,621 [INFO] ThirdParty:1030 - CMSIS Pack Vendor :wolfSSL I-CUBE-wolfTPM 3.2.0
2024-09-05 18:50:02,621 [INFO] ThirdParty:1030 - CMSIS Pack Vendor :portGmbH I-Cube-SoM-uGOAL 1.1.0
2024-09-05 18:50:02,621 [INFO] ThirdParty:1030 - CMSIS Pack Vendor :STMicroelectronics X-CUBE-BLEMGR 3.1.0
2024-09-05 18:50:02,621 [INFO] ThirdParty:1030 - CMSIS Pack Vendor :STMicroelectronics ThreadX 1.0.0
2024-09-05 18:50:02,621 [INFO] ThirdParty:1030 - CMSIS Pack Vendor :STMicroelectronics FP-SNS-SMARTAG2 1.2.0
2024-09-05 18:50:02,621 [INFO] ThirdParty:1030 - CMSIS Pack Vendor :STMicroelectronics X-CUBE-AZRTOS-WL 2.0.0
2024-09-05 18:50:02,621 [INFO] ThirdParty:1030 - CMSIS Pack Vendor :SEGGER I-CUBE-embOS 1.3.1
2024-09-05 18:50:02,621 [INFO] ThirdParty:1030 - CMSIS Pack Vendor :STMicroelectronics X-CUBE-ALGOBUILD 1.4.0
2024-09-05 18:50:02,621 [INFO] ThirdParty:1030 - CMSIS Pack Vendor :STMicroelectronics FP-SNS-MOTENV1 5.0.0
2024-09-05 18:50:02,621 [INFO] ThirdParty:1030 - CMSIS Pack Vendor :STMicroelectronics USB_DEVICE 1.0.0
2024-09-05 18:50:02,621 [INFO] ThirdParty:1030 - CMSIS Pack Vendor :STMicroelectronics X-CUBE-AZRTOS-H7RS 1.0.0
2024-09-05 18:50:02,622 [INFO] ThirdParty:1030 - CMSIS Pack Vendor :wolfSSL I-CUBE-wolfMQTT 1.19.0
2024-09-05 18:50:02,622 [INFO] ThirdParty:1030 - CMSIS Pack Vendor :STMicroelectronics X-CUBE-AZRTOS-L4 2.0.0
2024-09-05 18:50:02,622 [INFO] ThirdParty:1030 - CMSIS Pack Vendor :STMicroelectronics ThreadX 0.0.2
2024-09-05 18:50:02,622 [INFO] ThirdParty:1030 - CMSIS Pack Vendor :WES I-CUBE-Cesium 1.3.0
2024-09-05 18:50:02,622 [INFO] ThirdParty:1030 - CMSIS Pack Vendor :STMicroelectronics FP-ATR-ASTRA1 2.0.0
2024-09-05 18:50:02,622 [INFO] ThirdParty:1030 - CMSIS Pack Vendor :STMicroelectronics lwIP 2.1.2
2024-09-05 18:50:02,622 [INFO] ThirdParty:1030 - CMSIS Pack Vendor :STMicroelectronics X-CUBE-SFXS2LP1 4.0.0
2024-09-05 18:50:02,622 [INFO] ThirdParty:1030 - CMSIS Pack Vendor :STMicroelectronics X-CUBE-BLE2 3.3.0
2024-09-05 18:50:02,622 [INFO] ThirdParty:1030 - CMSIS Pack Vendor :STMicroelectronics X-CUBE-TOF1 3.4.2
2024-09-05 18:50:02,622 [INFO] ThirdParty:1030 - CMSIS Pack Vendor :STMicroelectronics X-CUBE-TOF1 3.4.1
2024-09-05 18:50:02,622 [INFO] ThirdParty:1030 - CMSIS Pack Vendor :STMicroelectronics X-CUBE-AZRTOS-H7 3.2.0
2024-09-05 18:50:02,622 [INFO] ThirdParty:1030 - CMSIS Pack Vendor :Infineon AIROC-Wi-Fi-Bluetooth-STM32 1.6.0
2024-09-05 18:50:02,622 [INFO] ThirdParty:1030 - CMSIS Pack Vendor :STMicroelectronics PDM2PCM 3.2.0
2024-09-05 18:50:02,622 [INFO] ThirdParty:1030 - CMSIS Pack Vendor :wolfSSL I-CUBE-wolfSSH 1.4.17
2024-09-05 18:50:02,623 [INFO] ThirdParty:841 - exiting critical section [change project]
2024-09-05 18:50:03,029 [INFO] PinOutPanel:1561 - setPackage(No Configuration,No Configuration)
2024-09-05 18:50:03,032 [INFO] PinOutPanel:1561 - setPackage(STM32F303CBTx,LQFP48)
2024-09-05 18:50:03,597 [INFO] UtilMem:75 - Before build in PCC Used Memory: 619227776 Bytes (1073741824)
2024-09-05 18:50:04,677 [INFO] UtilMem:75 - After build in PCC Used Memory: 686858880 Bytes (1073741824)
2024-09-05 18:50:04,704 [INFO] IPUIPlugin:80 - create IPUIPlugin
2024-09-05 18:50:04,704 [INFO] IPUIPlugin:80 - create IPUIPlugin
2024-09-05 18:50:04,705 [INFO] IPUIPlugin:80 - create IPUIPlugin
2024-09-05 18:50:04,705 [INFO] IPUIPlugin:80 - create IPUIPlugin
2024-09-05 18:50:04,705 [INFO] IPUIPlugin:80 - create IPUIPlugin
2024-09-05 18:50:04,705 [INFO] IPUIPlugin:80 - create IPUIPlugin
2024-09-05 18:50:04,705 [INFO] IPUIPlugin:80 - create IPUIPlugin
2024-09-05 18:50:04,705 [INFO] IPUIPlugin:80 - create IPUIPlugin
2024-09-05 18:50:04,705 [INFO] IPUIPlugin:80 - create IPUIPlugin
2024-09-05 18:50:04,705 [INFO] IPUIPlugin:80 - create IPUIPlugin
2024-09-05 18:50:04,705 [INFO] IPUIPlugin:80 - create IPUIPlugin
2024-09-05 18:50:04,705 [INFO] IPUIPlugin:80 - create IPUIPlugin
2024-09-05 18:50:04,705 [INFO] IPUIPlugin:80 - create IPUIPlugin
2024-09-05 18:50:04,705 [INFO] IPUIPlugin:80 - create IPUIPlugin
2024-09-05 18:50:04,705 [INFO] IPUIPlugin:80 - create IPUIPlugin
2024-09-05 18:50:04,705 [INFO] IPUIPlugin:80 - create IPUIPlugin
2024-09-05 18:50:04,706 [INFO] IPUIPlugin:80 - create IPUIPlugin
2024-09-05 18:50:04,706 [INFO] IPUIPlugin:80 - create IPUIPlugin
2024-09-05 18:50:04,706 [INFO] IPUIPlugin:80 - create IPUIPlugin
2024-09-05 18:50:04,706 [INFO] IPUIPlugin:80 - create IPUIPlugin
2024-09-05 18:50:04,706 [INFO] IPUIPlugin:80 - create IPUIPlugin
2024-09-05 18:50:04,706 [INFO] IPUIPlugin:80 - create IPUIPlugin
2024-09-05 18:50:04,706 [INFO] IPUIPlugin:80 - create IPUIPlugin
2024-09-05 18:50:04,706 [INFO] IPUIPlugin:80 - create IPUIPlugin
2024-09-05 18:50:04,706 [INFO] IPUIPlugin:80 - create IPUIPlugin
2024-09-05 18:50:04,706 [INFO] IPUIPlugin:80 - create IPUIPlugin
2024-09-05 18:50:04,706 [INFO] IPUIPlugin:80 - create IPUIPlugin
2024-09-05 18:50:04,707 [INFO] IPUIPlugin:80 - create IPUIPlugin
2024-09-05 18:50:04,707 [INFO] IPUIPlugin:80 - create IPUIPlugin
2024-09-05 18:50:04,707 [INFO] IPUIPlugin:80 - create IPUIPlugin
2024-09-05 18:50:04,707 [INFO] IPUIPlugin:80 - create IPUIPlugin
2024-09-05 18:50:04,707 [INFO] IPUIPlugin:80 - create IPUIPlugin
2024-09-05 18:50:04,707 [INFO] IPUIPlugin:80 - create IPUIPlugin
2024-09-05 18:50:04,707 [INFO] IPUIPlugin:80 - create IPUIPlugin
2024-09-05 18:50:04,707 [INFO] IPUIPlugin:80 - create IPUIPlugin
2024-09-05 18:50:04,707 [INFO] IPUIPlugin:80 - create IPUIPlugin
2024-09-05 18:50:04,707 [INFO] IPUIPlugin:80 - create IPUIPlugin
2024-09-05 18:50:04,708 [INFO] IPUIPlugin:80 - create IPUIPlugin
2024-09-05 18:50:04,708 [INFO] IPUIPlugin:80 - create IPUIPlugin
2024-09-05 18:50:04,708 [INFO] IPUIPlugin:80 - create IPUIPlugin
2024-09-05 18:50:04,708 [INFO] IPUIPlugin:80 - create IPUIPlugin
2024-09-05 18:50:04,708 [INFO] IPUIPlugin:80 - create IPUIPlugin
2024-09-05 18:50:04,708 [INFO] IPUIPlugin:80 - create IPUIPlugin
2024-09-05 18:50:04,708 [INFO] IPUIPlugin:80 - create IPUIPlugin
2024-09-05 18:50:04,708 [INFO] IPUIPlugin:80 - create IPUIPlugin
2024-09-05 18:50:04,709 [INFO] IPUIPlugin:80 - create IPUIPlugin
2024-09-05 18:50:04,709 [INFO] IPUIPlugin:80 - create IPUIPlugin
2024-09-05 18:50:04,709 [INFO] IPUIPlugin:80 - create IPUIPlugin
2024-09-05 18:50:04,709 [INFO] IPUIPlugin:80 - create IPUIPlugin
2024-09-05 18:50:04,709 [INFO] IPUIPlugin:80 - create IPUIPlugin
2024-09-05 18:50:04,709 [INFO] IPUIPlugin:80 - create IPUIPlugin
2024-09-05 18:50:04,710 [INFO] IPUIPlugin:80 - create IPUIPlugin
2024-09-05 18:50:04,710 [INFO] IPUIPlugin:80 - create IPUIPlugin
2024-09-05 18:50:05,041 [INFO] CADModel:165 - CPN selected for project levelSTM32F303CBT6
2024-09-05 18:50:05,041 [INFO] CADModel:114 - Register for checkConnection events
2024-09-05 18:50:05,138 [INFO] OpenFileManager:343 - Restore cursor
2024-09-05 18:51:13,012 [INFO] I2cTimingTraitement:330 - 0x2000090E
2024-09-05 18:51:19,557 [INFO] I2cTimingTraitement:330 - 0x2000090E
2024-09-05 18:51:28,761 [INFO] NvicIntPanel:101 - NVIC parent = com.st.microxplorer.plugins.ip.nvic.MultiNvicIntPanel[,0,0,450x171,layout=javax.swing.BoxLayout,alignmentX=0.0,alignmentY=0.0,border=,flags=9,maximumSize=,minimumSize=,preferredSize=]
