2024-08-29 23:51:42,323 [INFO] I2cTimingTraitement:330 - 0x2000090E
2024-08-29 23:51:42,540 [INFO] I2cTimingTraitement:330 - 0x2000090E
2024-08-29 23:51:51,266 [INFO] UtilMem:75 - End SaveConfig() Used Memory: 870877352 Bytes (1073741824)
2024-08-29 23:51:52,721 [INFO] UtilMem:75 - End SaveConfig() Used Memory: 891143728 Bytes (1073741824)
2024-08-29 23:51:54,766 [INFO] UtilMem:75 - End SaveConfig() Used Memory: 781299472 Bytes (1073741824)
2024-08-29 23:51:54,841 [INFO] BlockDiagram:2759 - set Specific Code input for plugin: SYS
2024-08-29 23:51:54,841 [INFO] BlockDiagram:2759 - set Specific Code input for plugin: RCC
2024-08-29 23:51:54,841 [INFO] BlockDiagram:2759 - set Specific Code input for plugin: I2C
2024-08-29 23:51:54,841 [INFO] BlockDiagram:2759 - set Specific Code input for plugin: NVIC
2024-08-29 23:51:54,841 [INFO] BlockDiagram:2759 - set Specific Code input for plugin: GPIO
2024-08-29 23:51:54,842 [INFO] CodeGenerator:807 - code generatio: config db path: C:\ST\STM32CubeIDE_1.15.1\STM32CubeIDE\plugins\com.st.stm32cube.common.mx_6.11.1.202404110753\\db\
2024-08-29 23:51:54,916 [INFO] CodeEngine:255 - oldGeneratedFile, C:\Users\1miln\Desktop\Projects\hardware_2048\firmware\led_2048\MXTmpFiles\license.tmp_save
2024-08-29 23:51:54,976 [INFO] CodeEngine:279 - Generated code: C:\Users\1miln\Desktop\Projects\hardware_2048\firmware\led_2048\MXTmpFiles\license.tmp
2024-08-29 23:51:55,030 [INFO] CodeEngine:255 - oldGeneratedFile, C:\Users\1miln\Desktop\Projects\hardware_2048\firmware\led_2048\MXTmpFiles\gpio.tmp_save
2024-08-29 23:51:55,100 [INFO] CodeEngine:279 - Generated code: C:\Users\1miln\Desktop\Projects\hardware_2048\firmware\led_2048\MXTmpFiles\gpio.tmp
2024-08-29 23:51:55,224 [INFO] CodeEngine:255 - oldGeneratedFile, C:\Users\1miln\Desktop\Projects\hardware_2048\firmware\led_2048\Core\Src\stm32f3xx_it.c_save
2024-08-29 23:51:55,318 [INFO] CodeEngine:279 - Generated code: C:\Users\1miln\Desktop\Projects\hardware_2048\firmware\led_2048\Core\Src\stm32f3xx_it.c
2024-08-29 23:51:55,335 [INFO] CodeEngine:255 - oldGeneratedFile, C:\Users\1miln\Desktop\Projects\hardware_2048\firmware\led_2048\Core\Inc\stm32f3xx_it.h_save
2024-08-29 23:51:55,392 [INFO] CodeEngine:279 - Generated code: C:\Users\1miln\Desktop\Projects\hardware_2048\firmware\led_2048\Core\Inc\stm32f3xx_it.h
2024-08-29 23:51:55,425 [INFO] CodeEngine:255 - oldGeneratedFile, C:\Users\1miln\Desktop\Projects\hardware_2048\firmware\led_2048\Core\Src\stm32f3xx_hal_msp.c_save
2024-08-29 23:51:55,543 [INFO] CodeEngine:279 - Generated code: C:\Users\1miln\Desktop\Projects\hardware_2048\firmware\led_2048\Core\Src\stm32f3xx_hal_msp.c
2024-08-29 23:51:55,554 [INFO] CodeEngine:255 - oldGeneratedFile, C:\Users\1miln\Desktop\Projects\hardware_2048\firmware\led_2048\MXTmpFiles\system.tmp_save
2024-08-29 23:51:55,611 [INFO] CodeEngine:279 - Generated code: C:\Users\1miln\Desktop\Projects\hardware_2048\firmware\led_2048\MXTmpFiles\system.tmp
2024-08-29 23:51:55,637 [INFO] CodeEngine:311 - oldGeneratedFile, C:\Users\1miln\Desktop\Projects\hardware_2048\firmware\led_2048\Core\Inc\stm32f3xx_hal_conf.h_save
2024-08-29 23:51:55,733 [INFO] CodeEngine:335 - Generated code: C:\Users\1miln\Desktop\Projects\hardware_2048\firmware\led_2048\Core\Inc\stm32f3xx_hal_conf.h
2024-08-29 23:51:55,782 [INFO] CodeEngine:255 - oldGeneratedFile, C:\Users\1miln\Desktop\Projects\hardware_2048\firmware\led_2048\Core\Inc\main.h_save
2024-08-29 23:51:55,847 [INFO] CodeEngine:279 - Generated code: C:\Users\1miln\Desktop\Projects\hardware_2048\firmware\led_2048\Core\Inc\main.h
2024-08-29 23:51:55,866 [INFO] CodeEngine:255 - oldGeneratedFile, C:\Users\1miln\Desktop\Projects\hardware_2048\firmware\led_2048\Core\Src\main.c_save
2024-08-29 23:51:55,941 [INFO] CodeEngine:279 - Generated code: C:\Users\1miln\Desktop\Projects\hardware_2048\firmware\led_2048\Core\Src\main.c
2024-08-29 23:51:56,163 [INFO] ProjectBuilder:3163 - Time for Copy HAL[1] : 145mS.
2024-08-29 23:51:56,165 [INFO] ProjectBuilder:4736 - Project Generator version: 4.3.0-B58
2024-08-29 23:51:56,205 [INFO] ConfigFileManager:1503 - The Die is : DIE422
2024-08-29 23:51:56,848 [INFO] ProjectBuilder:5002 - Time for Generating toolchain IDE Files: 683mS.
2024-08-29 23:51:56,848 [INFO] ProjectBuilder:3034 - Time for Copy CMSIS : 0mS.
2024-08-29 23:51:56,851 [INFO] ProjectBuilder:3034 - Time for Copy CMSIS : 0mS.
