2024-08-30 00:31:20,748 [INFO] I2cTimingTraitement:330 - 0x2000090E
2024-08-30 00:31:20,857 [INFO] I2cTimingTraitement:330 - 0x2000090E
2024-08-30 00:31:24,785 [INFO] I2cTimingTraitement:330 - 0x2000090E
2024-08-30 00:31:24,897 [INFO] I2cTimingTraitement:330 - 0x2000090E
2024-08-30 00:31:26,689 [INFO] I2cTimingTraitement:330 - 0x2000090E
2024-08-30 00:31:26,783 [INFO] I2cTimingTraitement:330 - 0x2000090E
2024-08-30 00:31:30,484 [INFO] I2cTimingTraitement:330 - 0x2000090E
2024-08-30 00:31:30,614 [INFO] I2cTimingTraitement:330 - 0x2000090E
2024-08-30 00:31:35,538 [INFO] I2cTimingTraitement:330 - 0x2000090E
2024-08-30 00:31:35,647 [INFO] I2cTimingTraitement:330 - 0x2000090E
2024-08-30 00:31:39,545 [INFO] I2cTimingTraitement:330 - 0x2000090E
2024-08-30 00:31:39,671 [INFO] I2cTimingTraitement:330 - 0x2000090E
2024-08-30 00:32:27,583 [INFO] I2cTimingTraitement:330 - 0x2000090E
2024-08-30 00:32:27,715 [INFO] I2cTimingTraitement:330 - 0x2000090E
2024-08-30 00:32:29,205 [INFO] I2cTimingTraitement:330 - 0x2000090E
2024-08-30 00:32:29,320 [INFO] I2cTimingTraitement:330 - 0x2000090E
2024-08-30 00:32:30,146 [INFO] UtilMem:75 - End SaveConfig() Used Memory: 769843288 Bytes (1073741824)
2024-08-30 00:32:31,368 [INFO] UtilMem:75 - End SaveConfig() Used Memory: 790120344 Bytes (1073741824)
2024-08-30 00:32:31,821 [INFO] UtilMem:75 - End SaveConfig() Used Memory: 827047152 Bytes (1073741824)
2024-08-30 00:32:31,883 [INFO] BlockDiagram:2759 - set Specific Code input for plugin: SYS
2024-08-30 00:32:31,883 [INFO] BlockDiagram:2759 - set Specific Code input for plugin: RCC
2024-08-30 00:32:31,883 [INFO] BlockDiagram:2759 - set Specific Code input for plugin: I2C
2024-08-30 00:32:31,883 [INFO] BlockDiagram:2759 - set Specific Code input for plugin: NVIC
2024-08-30 00:32:31,883 [INFO] BlockDiagram:2759 - set Specific Code input for plugin: GPIO
2024-08-30 00:32:31,884 [INFO] CodeGenerator:807 - code generatio: config db path: C:\ST\STM32CubeIDE_1.15.1\STM32CubeIDE\plugins\com.st.stm32cube.common.mx_6.11.1.202404110753\\db\
2024-08-30 00:32:31,928 [INFO] CodeEngine:255 - oldGeneratedFile, C:\Users\1miln\Desktop\Projects\hardware_2048\firmware\led_2048\MXTmpFiles\license.tmp_save
2024-08-30 00:32:31,978 [INFO] CodeEngine:279 - Generated code: C:\Users\1miln\Desktop\Projects\hardware_2048\firmware\led_2048\MXTmpFiles\license.tmp
2024-08-30 00:32:32,013 [INFO] CodeEngine:255 - oldGeneratedFile, C:\Users\1miln\Desktop\Projects\hardware_2048\firmware\led_2048\MXTmpFiles\gpio.tmp_save
2024-08-30 00:32:32,085 [INFO] CodeEngine:279 - Generated code: C:\Users\1miln\Desktop\Projects\hardware_2048\firmware\led_2048\MXTmpFiles\gpio.tmp
2024-08-30 00:32:32,169 [INFO] CodeEngine:255 - oldGeneratedFile, C:\Users\1miln\Desktop\Projects\hardware_2048\firmware\led_2048\Core\Src\stm32f3xx_it.c_save
2024-08-30 00:32:32,257 [INFO] CodeEngine:279 - Generated code: C:\Users\1miln\Desktop\Projects\hardware_2048\firmware\led_2048\Core\Src\stm32f3xx_it.c
2024-08-30 00:32:32,262 [INFO] CodeEngine:255 - oldGeneratedFile, C:\Users\1miln\Desktop\Projects\hardware_2048\firmware\led_2048\Core\Inc\stm32f3xx_it.h_save
2024-08-30 00:32:32,306 [INFO] CodeEngine:279 - Generated code: C:\Users\1miln\Desktop\Projects\hardware_2048\firmware\led_2048\Core\Inc\stm32f3xx_it.h
2024-08-30 00:32:32,324 [INFO] CodeEngine:255 - oldGeneratedFile, C:\Users\1miln\Desktop\Projects\hardware_2048\firmware\led_2048\Core\Src\stm32f3xx_hal_msp.c_save
2024-08-30 00:32:32,397 [INFO] CodeEngine:279 - Generated code: C:\Users\1miln\Desktop\Projects\hardware_2048\firmware\led_2048\Core\Src\stm32f3xx_hal_msp.c
2024-08-30 00:32:32,401 [INFO] CodeEngine:255 - oldGeneratedFile, C:\Users\1miln\Desktop\Projects\hardware_2048\firmware\led_2048\MXTmpFiles\system.tmp_save
2024-08-30 00:32:32,458 [INFO] CodeEngine:279 - Generated code: C:\Users\1miln\Desktop\Projects\hardware_2048\firmware\led_2048\MXTmpFiles\system.tmp
2024-08-30 00:32:32,479 [INFO] CodeEngine:311 - oldGeneratedFile, C:\Users\1miln\Desktop\Projects\hardware_2048\firmware\led_2048\Core\Inc\stm32f3xx_hal_conf.h_save
2024-08-30 00:32:32,568 [INFO] CodeEngine:335 - Generated code: C:\Users\1miln\Desktop\Projects\hardware_2048\firmware\led_2048\Core\Inc\stm32f3xx_hal_conf.h
2024-08-30 00:32:32,604 [INFO] CodeEngine:255 - oldGeneratedFile, C:\Users\1miln\Desktop\Projects\hardware_2048\firmware\led_2048\Core\Inc\main.h_save
2024-08-30 00:32:32,675 [INFO] CodeEngine:279 - Generated code: C:\Users\1miln\Desktop\Projects\hardware_2048\firmware\led_2048\Core\Inc\main.h
2024-08-30 00:32:32,685 [INFO] CodeEngine:255 - oldGeneratedFile, C:\Users\1miln\Desktop\Projects\hardware_2048\firmware\led_2048\Core\Src\main.c_save
2024-08-30 00:32:32,757 [INFO] CodeEngine:279 - Generated code: C:\Users\1miln\Desktop\Projects\hardware_2048\firmware\led_2048\Core\Src\main.c
2024-08-30 00:32:32,989 [INFO] ProjectBuilder:3163 - Time for Copy HAL[1] : 117mS.
2024-08-30 00:32:32,992 [INFO] ProjectBuilder:4736 - Project Generator version: 4.3.0-B58
2024-08-30 00:32:33,051 [INFO] ConfigFileManager:1503 - The Die is : DIE422
2024-08-30 00:32:33,643 [INFO] ProjectBuilder:5002 - Time for Generating toolchain IDE Files: 651mS.
2024-08-30 00:32:33,644 [INFO] ProjectBuilder:3034 - Time for Copy CMSIS : 1mS.
2024-08-30 00:32:33,645 [INFO] ProjectBuilder:3034 - Time for Copy CMSIS : 0mS.
2024-08-30 00:33:23,385 [INFO] I2cTimingTraitement:330 - 0x2000090E
2024-08-30 00:33:23,521 [INFO] I2cTimingTraitement:330 - 0x2000090E
2024-08-30 00:33:31,808 [INFO] UtilMem:75 - End SaveConfig() Used Memory: 941967536 Bytes (1073741824)
2024-08-30 00:33:33,511 [INFO] UtilMem:75 - End SaveConfig() Used Memory: 939015048 Bytes (1073741824)
2024-08-30 00:33:34,283 [INFO] UtilMem:75 - End SaveConfig() Used Memory: 857399072 Bytes (1073741824)
2024-08-30 00:33:34,345 [INFO] BlockDiagram:2759 - set Specific Code input for plugin: SYS
2024-08-30 00:33:34,345 [INFO] BlockDiagram:2759 - set Specific Code input for plugin: RCC
2024-08-30 00:33:34,345 [INFO] BlockDiagram:2759 - set Specific Code input for plugin: I2C
2024-08-30 00:33:34,345 [INFO] BlockDiagram:2759 - set Specific Code input for plugin: NVIC
2024-08-30 00:33:34,345 [INFO] BlockDiagram:2759 - set Specific Code input for plugin: GPIO
2024-08-30 00:33:34,346 [INFO] CodeGenerator:807 - code generatio: config db path: C:\ST\STM32CubeIDE_1.15.1\STM32CubeIDE\plugins\com.st.stm32cube.common.mx_6.11.1.202404110753\\db\
2024-08-30 00:33:34,386 [INFO] CodeEngine:255 - oldGeneratedFile, C:\Users\1miln\Desktop\Projects\hardware_2048\firmware\led_2048\MXTmpFiles\license.tmp_save
2024-08-30 00:33:34,452 [INFO] CodeEngine:279 - Generated code: C:\Users\1miln\Desktop\Projects\hardware_2048\firmware\led_2048\MXTmpFiles\license.tmp
2024-08-30 00:33:34,536 [INFO] CodeEngine:255 - oldGeneratedFile, C:\Users\1miln\Desktop\Projects\hardware_2048\firmware\led_2048\MXTmpFiles\gpio.tmp_save
2024-08-30 00:33:34,672 [INFO] CodeEngine:279 - Generated code: C:\Users\1miln\Desktop\Projects\hardware_2048\firmware\led_2048\MXTmpFiles\gpio.tmp
2024-08-30 00:33:34,823 [INFO] CodeEngine:255 - oldGeneratedFile, C:\Users\1miln\Desktop\Projects\hardware_2048\firmware\led_2048\Core\Src\stm32f3xx_it.c_save
2024-08-30 00:33:34,867 [INFO] CodeEngine:279 - Generated code: C:\Users\1miln\Desktop\Projects\hardware_2048\firmware\led_2048\Core\Src\stm32f3xx_it.c
2024-08-30 00:33:34,870 [INFO] CodeEngine:255 - oldGeneratedFile, C:\Users\1miln\Desktop\Projects\hardware_2048\firmware\led_2048\Core\Inc\stm32f3xx_it.h_save
2024-08-30 00:33:34,902 [INFO] CodeEngine:279 - Generated code: C:\Users\1miln\Desktop\Projects\hardware_2048\firmware\led_2048\Core\Inc\stm32f3xx_it.h
2024-08-30 00:33:34,914 [INFO] CodeEngine:255 - oldGeneratedFile, C:\Users\1miln\Desktop\Projects\hardware_2048\firmware\led_2048\Core\Src\stm32f3xx_hal_msp.c_save
2024-08-30 00:33:34,964 [INFO] CodeEngine:279 - Generated code: C:\Users\1miln\Desktop\Projects\hardware_2048\firmware\led_2048\Core\Src\stm32f3xx_hal_msp.c
2024-08-30 00:33:34,966 [INFO] CodeEngine:255 - oldGeneratedFile, C:\Users\1miln\Desktop\Projects\hardware_2048\firmware\led_2048\MXTmpFiles\system.tmp_save
2024-08-30 00:33:35,000 [INFO] CodeEngine:279 - Generated code: C:\Users\1miln\Desktop\Projects\hardware_2048\firmware\led_2048\MXTmpFiles\system.tmp
2024-08-30 00:33:35,013 [INFO] CodeEngine:311 - oldGeneratedFile, C:\Users\1miln\Desktop\Projects\hardware_2048\firmware\led_2048\Core\Inc\stm32f3xx_hal_conf.h_save
2024-08-30 00:33:35,071 [INFO] CodeEngine:335 - Generated code: C:\Users\1miln\Desktop\Projects\hardware_2048\firmware\led_2048\Core\Inc\stm32f3xx_hal_conf.h
2024-08-30 00:33:35,098 [INFO] CodeEngine:255 - oldGeneratedFile, C:\Users\1miln\Desktop\Projects\hardware_2048\firmware\led_2048\Core\Inc\main.h_save
2024-08-30 00:33:35,139 [INFO] CodeEngine:279 - Generated code: C:\Users\1miln\Desktop\Projects\hardware_2048\firmware\led_2048\Core\Inc\main.h
2024-08-30 00:33:35,149 [INFO] CodeEngine:255 - oldGeneratedFile, C:\Users\1miln\Desktop\Projects\hardware_2048\firmware\led_2048\Core\Src\main.c_save
2024-08-30 00:33:35,215 [INFO] CodeEngine:279 - Generated code: C:\Users\1miln\Desktop\Projects\hardware_2048\firmware\led_2048\Core\Src\main.c
2024-08-30 00:33:35,423 [INFO] ProjectBuilder:3163 - Time for Copy HAL[1] : 119mS.
2024-08-30 00:33:35,426 [INFO] ProjectBuilder:4736 - Project Generator version: 4.3.0-B58
2024-08-30 00:33:35,517 [INFO] ConfigFileManager:1503 - The Die is : DIE422
2024-08-30 00:33:36,115 [INFO] ProjectBuilder:5002 - Time for Generating toolchain IDE Files: 689mS.
2024-08-30 00:33:36,116 [INFO] ProjectBuilder:3034 - Time for Copy CMSIS : 1mS.
2024-08-30 00:33:36,119 [INFO] ProjectBuilder:3034 - Time for Copy CMSIS : 0mS.
2024-08-30 00:34:15,361 [INFO] I2cTimingTraitement:330 - 0x2000090E
2024-08-30 00:34:15,456 [INFO] I2cTimingTraitement:330 - 0x2000090E
2024-08-30 00:34:19,363 [INFO] I2cTimingTraitement:330 - 0x2000090E
2024-08-30 00:34:19,519 [INFO] I2cTimingTraitement:330 - 0x2000090E
2024-08-30 00:34:33,142 [INFO] I2cTimingTraitement:330 - 0x2000090E
2024-08-30 00:34:33,248 [INFO] I2cTimingTraitement:330 - 0x2000090E
2024-08-30 00:34:35,872 [INFO] I2cTimingTraitement:330 - 0x2000090E
2024-08-30 00:34:36,009 [INFO] I2cTimingTraitement:330 - 0x2000090E
2024-08-30 00:34:38,600 [INFO] I2cTimingTraitement:330 - 0x2000090E
2024-08-30 00:34:38,729 [INFO] I2cTimingTraitement:330 - 0x2000090E
2024-08-30 00:34:41,535 [INFO] I2cTimingTraitement:330 - 0x2000090E
2024-08-30 00:34:41,632 [INFO] I2cTimingTraitement:330 - 0x2000090E
2024-08-30 00:34:46,279 [INFO] I2cTimingTraitement:330 - 0x2000090E
2024-08-30 00:34:46,391 [INFO] I2cTimingTraitement:330 - 0x2000090E
2024-08-30 00:50:06,340 [INFO] UtilMem:75 - End SaveConfig() Used Memory: 933546128 Bytes (1073741824)
2024-08-30 00:50:14,490 [INFO] UtilMem:75 - End SaveConfig() Used Memory: 855776368 Bytes (1073741824)
2024-08-30 00:50:14,672 [INFO] UtilMem:75 - End SaveConfig() Used Memory: 910828536 Bytes (1073741824)
2024-08-30 00:50:14,738 [INFO] BlockDiagram:2759 - set Specific Code input for plugin: SYS
2024-08-30 00:50:14,738 [INFO] BlockDiagram:2759 - set Specific Code input for plugin: RCC
2024-08-30 00:50:14,738 [INFO] BlockDiagram:2759 - set Specific Code input for plugin: I2C
2024-08-30 00:50:14,738 [INFO] BlockDiagram:2759 - set Specific Code input for plugin: NVIC
2024-08-30 00:50:14,739 [INFO] BlockDiagram:2759 - set Specific Code input for plugin: GPIO
2024-08-30 00:50:14,739 [INFO] CodeGenerator:807 - code generatio: config db path: C:\ST\STM32CubeIDE_1.15.1\STM32CubeIDE\plugins\com.st.stm32cube.common.mx_6.11.1.202404110753\\db\
2024-08-30 00:50:14,780 [INFO] CodeEngine:255 - oldGeneratedFile, C:\Users\1miln\Desktop\Projects\hardware_2048\firmware\led_2048\MXTmpFiles\license.tmp_save
2024-08-30 00:50:14,830 [INFO] CodeEngine:279 - Generated code: C:\Users\1miln\Desktop\Projects\hardware_2048\firmware\led_2048\MXTmpFiles\license.tmp
2024-08-30 00:50:14,863 [INFO] CodeEngine:255 - oldGeneratedFile, C:\Users\1miln\Desktop\Projects\hardware_2048\firmware\led_2048\MXTmpFiles\gpio.tmp_save
2024-08-30 00:50:14,923 [INFO] CodeEngine:279 - Generated code: C:\Users\1miln\Desktop\Projects\hardware_2048\firmware\led_2048\MXTmpFiles\gpio.tmp
2024-08-30 00:50:14,987 [INFO] CodeEngine:255 - oldGeneratedFile, C:\Users\1miln\Desktop\Projects\hardware_2048\firmware\led_2048\Core\Src\stm32f3xx_it.c_save
2024-08-30 00:50:15,078 [INFO] CodeEngine:279 - Generated code: C:\Users\1miln\Desktop\Projects\hardware_2048\firmware\led_2048\Core\Src\stm32f3xx_it.c
2024-08-30 00:50:15,084 [INFO] CodeEngine:255 - oldGeneratedFile, C:\Users\1miln\Desktop\Projects\hardware_2048\firmware\led_2048\Core\Inc\stm32f3xx_it.h_save
2024-08-30 00:50:15,129 [INFO] CodeEngine:279 - Generated code: C:\Users\1miln\Desktop\Projects\hardware_2048\firmware\led_2048\Core\Inc\stm32f3xx_it.h
2024-08-30 00:50:15,148 [INFO] CodeEngine:255 - oldGeneratedFile, C:\Users\1miln\Desktop\Projects\hardware_2048\firmware\led_2048\Core\Src\stm32f3xx_hal_msp.c_save
2024-08-30 00:50:15,231 [INFO] CodeEngine:279 - Generated code: C:\Users\1miln\Desktop\Projects\hardware_2048\firmware\led_2048\Core\Src\stm32f3xx_hal_msp.c
2024-08-30 00:50:15,235 [INFO] CodeEngine:255 - oldGeneratedFile, C:\Users\1miln\Desktop\Projects\hardware_2048\firmware\led_2048\MXTmpFiles\system.tmp_save
2024-08-30 00:50:15,288 [INFO] CodeEngine:279 - Generated code: C:\Users\1miln\Desktop\Projects\hardware_2048\firmware\led_2048\MXTmpFiles\system.tmp
2024-08-30 00:50:15,306 [INFO] CodeEngine:311 - oldGeneratedFile, C:\Users\1miln\Desktop\Projects\hardware_2048\firmware\led_2048\Core\Inc\stm32f3xx_hal_conf.h_save
2024-08-30 00:50:15,391 [INFO] CodeEngine:335 - Generated code: C:\Users\1miln\Desktop\Projects\hardware_2048\firmware\led_2048\Core\Inc\stm32f3xx_hal_conf.h
2024-08-30 00:50:15,434 [INFO] CodeEngine:255 - oldGeneratedFile, C:\Users\1miln\Desktop\Projects\hardware_2048\firmware\led_2048\Core\Inc\main.h_save
2024-08-30 00:50:15,482 [INFO] CodeEngine:279 - Generated code: C:\Users\1miln\Desktop\Projects\hardware_2048\firmware\led_2048\Core\Inc\main.h
2024-08-30 00:50:15,492 [INFO] CodeEngine:255 - oldGeneratedFile, C:\Users\1miln\Desktop\Projects\hardware_2048\firmware\led_2048\Core\Src\main.c_save
2024-08-30 00:50:15,571 [INFO] CodeEngine:279 - Generated code: C:\Users\1miln\Desktop\Projects\hardware_2048\firmware\led_2048\Core\Src\main.c
2024-08-30 00:50:15,767 [INFO] ProjectBuilder:3163 - Time for Copy HAL[1] : 98mS.
2024-08-30 00:50:15,768 [INFO] ProjectBuilder:4736 - Project Generator version: 4.3.0-B58
2024-08-30 00:50:15,800 [INFO] ConfigFileManager:1503 - The Die is : DIE422
2024-08-30 00:50:16,322 [INFO] ProjectBuilder:5002 - Time for Generating toolchain IDE Files: 554mS.
2024-08-30 00:50:16,323 [INFO] ProjectBuilder:3034 - Time for Copy CMSIS : 1mS.
2024-08-30 00:50:16,328 [INFO] ProjectBuilder:3034 - Time for Copy CMSIS : 0mS.
2024-08-30 01:11:15,377 [INFO] I2cTimingTraitement:330 - 0x2000090E
2024-08-30 01:11:15,488 [INFO] I2cTimingTraitement:330 - 0x2000090E
2024-08-30 01:11:15,603 [INFO] I2cTimingTraitement:330 - 0x2000090E
2024-08-30 01:11:19,395 [INFO] I2cTimingTraitement:330 - 0x2000090E
2024-08-30 01:11:19,513 [INFO] I2cTimingTraitement:330 - 0x2000090E
2024-08-30 01:11:24,313 [INFO] UtilMem:75 - End SaveConfig() Used Memory: 824519432 Bytes (1073741824)
2024-08-30 01:11:26,610 [INFO] UtilMem:75 - End SaveConfig() Used Memory: 853353168 Bytes (1073741824)
2024-08-30 01:11:27,094 [INFO] UtilMem:75 - End SaveConfig() Used Memory: 892150536 Bytes (1073741824)
2024-08-30 01:11:27,170 [INFO] BlockDiagram:2759 - set Specific Code input for plugin: SYS
2024-08-30 01:11:27,170 [INFO] BlockDiagram:2759 - set Specific Code input for plugin: RCC
2024-08-30 01:11:27,170 [INFO] BlockDiagram:2759 - set Specific Code input for plugin: I2C
2024-08-30 01:11:27,170 [INFO] BlockDiagram:2759 - set Specific Code input for plugin: NVIC
2024-08-30 01:11:27,170 [INFO] BlockDiagram:2759 - set Specific Code input for plugin: GPIO
2024-08-30 01:11:27,170 [INFO] CodeGenerator:807 - code generatio: config db path: C:\ST\STM32CubeIDE_1.15.1\STM32CubeIDE\plugins\com.st.stm32cube.common.mx_6.11.1.202404110753\\db\
2024-08-30 01:11:27,242 [INFO] CodeEngine:255 - oldGeneratedFile, C:\Users\1miln\Desktop\Projects\hardware_2048\firmware\led_2048\MXTmpFiles\license.tmp_save
2024-08-30 01:11:27,319 [INFO] CodeEngine:279 - Generated code: C:\Users\1miln\Desktop\Projects\hardware_2048\firmware\led_2048\MXTmpFiles\license.tmp
2024-08-30 01:11:27,357 [INFO] CodeEngine:255 - oldGeneratedFile, C:\Users\1miln\Desktop\Projects\hardware_2048\firmware\led_2048\MXTmpFiles\gpio.tmp_save
2024-08-30 01:11:27,407 [INFO] CodeEngine:279 - Generated code: C:\Users\1miln\Desktop\Projects\hardware_2048\firmware\led_2048\MXTmpFiles\gpio.tmp
2024-08-30 01:11:27,493 [INFO] CodeEngine:255 - oldGeneratedFile, C:\Users\1miln\Desktop\Projects\hardware_2048\firmware\led_2048\Core\Src\stm32f3xx_it.c_save
2024-08-30 01:11:27,589 [INFO] CodeEngine:279 - Generated code: C:\Users\1miln\Desktop\Projects\hardware_2048\firmware\led_2048\Core\Src\stm32f3xx_it.c
2024-08-30 01:11:27,607 [INFO] CodeEngine:255 - oldGeneratedFile, C:\Users\1miln\Desktop\Projects\hardware_2048\firmware\led_2048\Core\Inc\stm32f3xx_it.h_save
2024-08-30 01:11:27,671 [INFO] CodeEngine:279 - Generated code: C:\Users\1miln\Desktop\Projects\hardware_2048\firmware\led_2048\Core\Inc\stm32f3xx_it.h
2024-08-30 01:11:27,694 [INFO] CodeEngine:255 - oldGeneratedFile, C:\Users\1miln\Desktop\Projects\hardware_2048\firmware\led_2048\Core\Src\stm32f3xx_hal_msp.c_save
2024-08-30 01:11:27,771 [INFO] CodeEngine:279 - Generated code: C:\Users\1miln\Desktop\Projects\hardware_2048\firmware\led_2048\Core\Src\stm32f3xx_hal_msp.c
2024-08-30 01:11:27,784 [INFO] CodeEngine:255 - oldGeneratedFile, C:\Users\1miln\Desktop\Projects\hardware_2048\firmware\led_2048\MXTmpFiles\system.tmp_save
2024-08-30 01:11:27,845 [INFO] CodeEngine:279 - Generated code: C:\Users\1miln\Desktop\Projects\hardware_2048\firmware\led_2048\MXTmpFiles\system.tmp
2024-08-30 01:11:27,865 [INFO] CodeEngine:311 - oldGeneratedFile, C:\Users\1miln\Desktop\Projects\hardware_2048\firmware\led_2048\Core\Inc\stm32f3xx_hal_conf.h_save
2024-08-30 01:11:27,923 [INFO] CodeEngine:335 - Generated code: C:\Users\1miln\Desktop\Projects\hardware_2048\firmware\led_2048\Core\Inc\stm32f3xx_hal_conf.h
2024-08-30 01:11:27,962 [INFO] CodeEngine:255 - oldGeneratedFile, C:\Users\1miln\Desktop\Projects\hardware_2048\firmware\led_2048\Core\Inc\main.h_save
2024-08-30 01:11:28,022 [INFO] CodeEngine:279 - Generated code: C:\Users\1miln\Desktop\Projects\hardware_2048\firmware\led_2048\Core\Inc\main.h
2024-08-30 01:11:28,038 [INFO] CodeEngine:255 - oldGeneratedFile, C:\Users\1miln\Desktop\Projects\hardware_2048\firmware\led_2048\Core\Src\main.c_save
2024-08-30 01:11:28,107 [INFO] CodeEngine:279 - Generated code: C:\Users\1miln\Desktop\Projects\hardware_2048\firmware\led_2048\Core\Src\main.c
2024-08-30 01:11:28,348 [INFO] ProjectBuilder:3163 - Time for Copy HAL[1] : 114mS.
2024-08-30 01:11:28,350 [INFO] ProjectBuilder:4736 - Project Generator version: 4.3.0-B58
2024-08-30 01:11:28,396 [INFO] ConfigFileManager:1503 - The Die is : DIE422
2024-08-30 01:11:28,903 [INFO] ProjectBuilder:5002 - Time for Generating toolchain IDE Files: 552mS.
2024-08-30 01:11:28,903 [INFO] ProjectBuilder:3034 - Time for Copy CMSIS : 0mS.
2024-08-30 01:11:28,907 [INFO] ProjectBuilder:3034 - Time for Copy CMSIS : 0mS.
2024-08-30 19:39:31,611 [INFO] I2cTimingTraitement:330 - 0x2000090E
2024-08-30 19:39:31,764 [INFO] I2cTimingTraitement:330 - 0x2000090E
2024-08-30 19:39:33,566 [INFO] I2cTimingTraitement:330 - 0x2000090E
2024-08-30 19:39:37,011 [INFO] I2cTimingTraitement:330 - 0x2000090E
2024-08-30 19:39:37,119 [INFO] I2cTimingTraitement:330 - 0x2000090E
2024-08-30 19:39:40,181 [INFO] I2cTimingTraitement:330 - 0x2000090E
2024-08-30 19:39:40,337 [INFO] I2cTimingTraitement:330 - 0x2000090E
2024-08-30 19:39:44,623 [INFO] I2cTimingTraitement:330 - 0x2000090E
2024-08-30 19:39:44,751 [INFO] I2cTimingTraitement:330 - 0x2000090E
2024-08-30 19:40:06,837 [INFO] I2cTimingTraitement:330 - 0x2000090E
2024-08-30 19:40:13,354 [INFO] I2cTimingTraitement:330 - 0x2000090E
2024-08-30 19:40:13,478 [INFO] I2cTimingTraitement:330 - 0x2000090E
2024-08-30 19:40:14,899 [INFO] UtilMem:75 - End SaveConfig() Used Memory: 905675536 Bytes (1073741824)
2024-08-30 19:40:16,120 [INFO] UtilMem:75 - End SaveConfig() Used Memory: 926671912 Bytes (1073741824)
2024-08-30 19:40:16,868 [INFO] UtilMem:75 - End SaveConfig() Used Memory: 832236848 Bytes (1073741824)
2024-08-30 19:40:17,006 [INFO] BlockDiagram:2759 - set Specific Code input for plugin: SYS
2024-08-30 19:40:17,006 [INFO] BlockDiagram:2759 - set Specific Code input for plugin: RCC
2024-08-30 19:40:17,006 [INFO] BlockDiagram:2759 - set Specific Code input for plugin: I2C
2024-08-30 19:40:17,006 [INFO] BlockDiagram:2759 - set Specific Code input for plugin: NVIC
2024-08-30 19:40:17,006 [INFO] BlockDiagram:2759 - set Specific Code input for plugin: GPIO
2024-08-30 19:40:17,007 [INFO] CodeGenerator:807 - code generatio: config db path: C:\ST\STM32CubeIDE_1.15.1\STM32CubeIDE\plugins\com.st.stm32cube.common.mx_6.11.1.202404110753\\db\
2024-08-30 19:40:17,139 [INFO] CodeEngine:255 - oldGeneratedFile, C:\Users\1miln\Desktop\Projects\hardware_2048\firmware\led_2048\MXTmpFiles\license.tmp_save
2024-08-30 19:40:17,203 [INFO] CodeEngine:279 - Generated code: C:\Users\1miln\Desktop\Projects\hardware_2048\firmware\led_2048\MXTmpFiles\license.tmp
2024-08-30 19:40:17,260 [INFO] CodeEngine:255 - oldGeneratedFile, C:\Users\1miln\Desktop\Projects\hardware_2048\firmware\led_2048\MXTmpFiles\gpio.tmp_save
2024-08-30 19:40:17,340 [INFO] CodeEngine:279 - Generated code: C:\Users\1miln\Desktop\Projects\hardware_2048\firmware\led_2048\MXTmpFiles\gpio.tmp
2024-08-30 19:40:17,469 [INFO] CodeEngine:255 - oldGeneratedFile, C:\Users\1miln\Desktop\Projects\hardware_2048\firmware\led_2048\Core\Src\stm32f3xx_it.c_save
2024-08-30 19:40:17,594 [INFO] CodeEngine:279 - Generated code: C:\Users\1miln\Desktop\Projects\hardware_2048\firmware\led_2048\Core\Src\stm32f3xx_it.c
2024-08-30 19:40:17,615 [INFO] CodeEngine:255 - oldGeneratedFile, C:\Users\1miln\Desktop\Projects\hardware_2048\firmware\led_2048\Core\Inc\stm32f3xx_it.h_save
2024-08-30 19:40:17,696 [INFO] CodeEngine:279 - Generated code: C:\Users\1miln\Desktop\Projects\hardware_2048\firmware\led_2048\Core\Inc\stm32f3xx_it.h
2024-08-30 19:40:17,736 [INFO] CodeEngine:255 - oldGeneratedFile, C:\Users\1miln\Desktop\Projects\hardware_2048\firmware\led_2048\Core\Src\stm32f3xx_hal_msp.c_save
2024-08-30 19:40:17,835 [INFO] CodeEngine:279 - Generated code: C:\Users\1miln\Desktop\Projects\hardware_2048\firmware\led_2048\Core\Src\stm32f3xx_hal_msp.c
2024-08-30 19:40:17,849 [INFO] CodeEngine:255 - oldGeneratedFile, C:\Users\1miln\Desktop\Projects\hardware_2048\firmware\led_2048\MXTmpFiles\system.tmp_save
2024-08-30 19:40:17,911 [INFO] CodeEngine:279 - Generated code: C:\Users\1miln\Desktop\Projects\hardware_2048\firmware\led_2048\MXTmpFiles\system.tmp
2024-08-30 19:40:17,946 [INFO] CodeEngine:311 - oldGeneratedFile, C:\Users\1miln\Desktop\Projects\hardware_2048\firmware\led_2048\Core\Inc\stm32f3xx_hal_conf.h_save
2024-08-30 19:40:18,072 [INFO] CodeEngine:335 - Generated code: C:\Users\1miln\Desktop\Projects\hardware_2048\firmware\led_2048\Core\Inc\stm32f3xx_hal_conf.h
2024-08-30 19:40:18,127 [INFO] CodeEngine:255 - oldGeneratedFile, C:\Users\1miln\Desktop\Projects\hardware_2048\firmware\led_2048\Core\Inc\main.h_save
2024-08-30 19:40:18,209 [INFO] CodeEngine:279 - Generated code: C:\Users\1miln\Desktop\Projects\hardware_2048\firmware\led_2048\Core\Inc\main.h
2024-08-30 19:40:18,227 [INFO] CodeEngine:255 - oldGeneratedFile, C:\Users\1miln\Desktop\Projects\hardware_2048\firmware\led_2048\Core\Src\main.c_save
2024-08-30 19:40:18,302 [INFO] CodeEngine:279 - Generated code: C:\Users\1miln\Desktop\Projects\hardware_2048\firmware\led_2048\Core\Src\main.c
2024-08-30 19:40:18,624 [INFO] ProjectBuilder:3163 - Time for Copy HAL[1] : 239mS.
2024-08-30 19:40:18,627 [INFO] ProjectBuilder:4736 - Project Generator version: 4.3.0-B58
2024-08-30 19:40:18,682 [INFO] ConfigFileManager:1503 - The Die is : DIE422
2024-08-30 19:40:19,337 [INFO] ProjectBuilder:5002 - Time for Generating toolchain IDE Files: 710mS.
2024-08-30 19:40:19,338 [INFO] ProjectBuilder:3034 - Time for Copy CMSIS : 0mS.
2024-08-30 19:40:19,342 [INFO] ProjectBuilder:3034 - Time for Copy CMSIS : 0mS.
